{"/home/travis/build/npmtest/node-npmtest-react-dnd/test.js":{"path":"/home/travis/build/npmtest/node-npmtest-react-dnd/test.js","s":{"1":2,"2":2,"3":2,"4":2,"5":2,"6":2,"7":2,"8":1,"9":2,"10":2,"11":1,"12":1,"13":1,"14":1,"15":2,"16":2,"17":2,"18":2,"19":1,"20":1,"21":2,"22":2,"23":2,"24":1,"25":1,"26":1,"27":1,"28":1,"29":1,"30":1,"31":1,"32":1,"33":1,"34":1,"35":1,"36":1,"37":1,"38":1,"39":2,"40":2,"41":1,"42":2,"43":2,"44":1,"45":2,"46":2,"47":1,"48":2,"49":2,"50":1,"51":1,"52":1,"53":1,"54":1},"b":{"1":[2,1,1,1],"2":[1,1,1,1],"3":[1,1],"4":[1,1],"5":[1,1],"6":[1,1],"7":[1,1],"8":[1,1],"9":[1,1],"10":[1,1,1],"11":[1,1],"12":[1,1],"13":[1,1],"14":[1,1],"15":[1,1],"16":[1,1],"17":[1,1]},"f":{"1":2,"2":2,"3":2,"4":2,"5":2,"6":1,"7":1,"8":1,"9":2,"10":2,"11":2,"12":2,"13":1},"fnMap":{"1":{"name":"(anonymous_1)","line":12,"loc":{"start":{"line":12,"column":1},"end":{"line":12,"column":13}}},"2":{"name":"(anonymous_2)","line":19,"loc":{"start":{"line":19,"column":5},"end":{"line":19,"column":17}}},"3":{"name":"(anonymous_3)","line":23,"loc":{"start":{"line":23,"column":24},"end":{"line":23,"column":36}}},"4":{"name":"(anonymous_4)","line":61,"loc":{"start":{"line":61,"column":5},"end":{"line":61,"column":17}}},"5":{"name":"(anonymous_5)","line":82,"loc":{"start":{"line":82,"column":5},"end":{"line":82,"column":17}}},"6":{"name":"(anonymous_6)","line":91,"loc":{"start":{"line":91,"column":77},"end":{"line":94,"column":10}}},"7":{"name":"(anonymous_7)","line":112,"loc":{"start":{"line":112,"column":83},"end":{"line":115,"column":10}},"skip":true},"8":{"name":"(anonymous_8)","line":123,"loc":{"start":{"line":123,"column":77},"end":{"line":126,"column":10}},"skip":true},"9":{"name":"(anonymous_9)","line":139,"loc":{"start":{"line":139,"column":12},"end":{"line":139,"column":40}},"skip":true},"10":{"name":"(anonymous_10)","line":147,"loc":{"start":{"line":147,"column":77},"end":{"line":150,"column":10}},"skip":true},"11":{"name":"(anonymous_11)","line":158,"loc":{"start":{"line":158,"column":83},"end":{"line":161,"column":10}},"skip":true},"12":{"name":"(anonymous_12)","line":169,"loc":{"start":{"line":169,"column":79},"end":{"line":172,"column":10}},"skip":true},"13":{"name":"(anonymous_13)","line":180,"loc":{"start":{"line":180,"column":75},"end":{"line":183,"column":10}},"skip":true}},"statementMap":{"1":{"start":{"line":12,"column":0},"end":{"line":195,"column":5}},"2":{"start":{"line":14,"column":4},"end":{"line":14,"column":14}},"3":{"start":{"line":19,"column":4},"end":{"line":56,"column":9}},"4":{"start":{"line":21,"column":8},"end":{"line":21,"column":19}},"5":{"start":{"line":23,"column":8},"end":{"line":35,"column":13}},"6":{"start":{"line":24,"column":12},"end":{"line":34,"column":13}},"7":{"start":{"line":25,"column":16},"end":{"line":28,"column":30}},"8":{"start":{"line":30,"column":16},"end":{"line":33,"column":27}},"9":{"start":{"line":37,"column":8},"end":{"line":39,"column":21}},"10":{"start":{"line":40,"column":8},"end":{"line":53,"column":9}},"11":{"start":{"line":43,"column":12},"end":{"line":46,"column":14}},"12":{"start":{"line":47,"column":12},"end":{"line":47,"column":18}},"13":{"start":{"line":50,"column":12},"end":{"line":51,"column":33}},"14":{"start":{"line":52,"column":12},"end":{"line":52,"column":18}},"15":{"start":{"line":55,"column":8},"end":{"line":55,"column":35}},"16":{"start":{"line":61,"column":4},"end":{"line":63,"column":9}},"17":{"start":{"line":62,"column":8},"end":{"line":62,"column":15}},"18":{"start":{"line":64,"column":4},"end":{"line":77,"column":5}},"19":{"start":{"line":70,"column":8},"end":{"line":70,"column":14}},"20":{"start":{"line":76,"column":8},"end":{"line":76,"column":14}},"21":{"start":{"line":82,"column":4},"end":{"line":84,"column":9}},"22":{"start":{"line":83,"column":8},"end":{"line":83,"column":15}},"23":{"start":{"line":85,"column":4},"end":{"line":194,"column":5}},"24":{"start":{"line":91,"column":8},"end":{"line":99,"column":10}},"25":{"start":{"line":98,"column":12},"end":{"line":98,"column":35}},"26":{"start":{"line":102,"column":8},"end":{"line":104,"column":63}},"27":{"start":{"line":105,"column":8},"end":{"line":105,"column":14}},"28":{"start":{"line":112,"column":8},"end":{"line":121,"column":10},"skip":true},"29":{"start":{"line":119,"column":12},"end":{"line":119,"column":55},"skip":true},"30":{"start":{"line":120,"column":12},"end":{"line":120,"column":48},"skip":true},"31":{"start":{"line":123,"column":8},"end":{"line":136,"column":10},"skip":true},"32":{"start":{"line":130,"column":12},"end":{"line":130,"column":76},"skip":true},"33":{"start":{"line":131,"column":12},"end":{"line":131,"column":73},"skip":true},"34":{"start":{"line":132,"column":12},"end":{"line":132,"column":74},"skip":true},"35":{"start":{"line":133,"column":12},"end":{"line":133,"column":79},"skip":true},"36":{"start":{"line":134,"column":12},"end":{"line":134,"column":25},"skip":true},"37":{"start":{"line":135,"column":12},"end":{"line":135,"column":45},"skip":true},"38":{"start":{"line":138,"column":8},"end":{"line":145,"column":14},"skip":true},"39":{"start":{"line":143,"column":16},"end":{"line":143,"column":29},"skip":true},"40":{"start":{"line":144,"column":16},"end":{"line":144,"column":55},"skip":true},"41":{"start":{"line":147,"column":8},"end":{"line":156,"column":10},"skip":true},"42":{"start":{"line":154,"column":12},"end":{"line":154,"column":25},"skip":true},"43":{"start":{"line":155,"column":12},"end":{"line":155,"column":45},"skip":true},"44":{"start":{"line":158,"column":8},"end":{"line":167,"column":10},"skip":true},"45":{"start":{"line":165,"column":12},"end":{"line":165,"column":25},"skip":true},"46":{"start":{"line":166,"column":12},"end":{"line":166,"column":48},"skip":true},"47":{"start":{"line":169,"column":8},"end":{"line":178,"column":10},"skip":true},"48":{"start":{"line":176,"column":12},"end":{"line":176,"column":25},"skip":true},"49":{"start":{"line":177,"column":12},"end":{"line":177,"column":46},"skip":true},"50":{"start":{"line":180,"column":8},"end":{"line":189,"column":10},"skip":true},"51":{"start":{"line":187,"column":12},"end":{"line":187,"column":94},"skip":true},"52":{"start":{"line":188,"column":12},"end":{"line":188,"column":48},"skip":true},"53":{"start":{"line":192,"column":8},"end":{"line":192,"column":35},"skip":true},"54":{"start":{"line":193,"column":8},"end":{"line":193,"column":14},"skip":true}},"branchMap":{"1":{"line":25,"type":"binary-expr","locations":[{"start":{"line":25,"column":23},"end":{"line":25,"column":62}},{"start":{"line":26,"column":20},"end":{"line":26,"column":70}},{"start":{"line":27,"column":20},"end":{"line":27,"column":71}},{"start":{"line":28,"column":20},"end":{"line":28,"column":29}}]},"2":{"line":30,"type":"binary-expr","locations":[{"start":{"line":30,"column":23},"end":{"line":30,"column":37}},{"start":{"line":31,"column":20},"end":{"line":31,"column":61}},{"start":{"line":32,"column":20},"end":{"line":32,"column":70}},{"start":{"line":33,"column":20},"end":{"line":33,"column":26}}]},"3":{"line":37,"type":"cond-expr","locations":[{"start":{"line":38,"column":14},"end":{"line":38,"column":20}},{"start":{"line":39,"column":14},"end":{"line":39,"column":20}}]},"4":{"line":40,"type":"switch","locations":[{"start":{"line":42,"column":8},"end":{"line":47,"column":18}},{"start":{"line":49,"column":8},"end":{"line":52,"column":18}}]},"5":{"line":44,"type":"binary-expr","locations":[{"start":{"line":44,"column":16},"end":{"line":44,"column":44}},{"start":{"line":44,"column":48},"end":{"line":44,"column":66}}]},"6":{"line":50,"type":"binary-expr","locations":[{"start":{"line":50,"column":21},"end":{"line":50,"column":49}},{"start":{"line":50,"column":53},"end":{"line":50,"column":72}}]},"7":{"line":64,"type":"switch","locations":[{"start":{"line":69,"column":4},"end":{"line":70,"column":14}},{"start":{"line":75,"column":4},"end":{"line":76,"column":14}}]},"8":{"line":85,"type":"switch","locations":[{"start":{"line":90,"column":4},"end":{"line":105,"column":14}},{"start":{"line":111,"column":4},"end":{"line":193,"column":14},"skip":true}]},"9":{"line":91,"type":"binary-expr","locations":[{"start":{"line":91,"column":42},"end":{"line":91,"column":73}},{"start":{"line":91,"column":77},"end":{"line":99,"column":9}}]},"10":{"line":102,"type":"binary-expr","locations":[{"start":{"line":102,"column":18},"end":{"line":102,"column":32}},{"start":{"line":103,"column":12},"end":{"line":103,"column":53}},{"start":{"line":104,"column":12},"end":{"line":104,"column":61}}]},"11":{"line":112,"type":"binary-expr","locations":[{"start":{"line":112,"column":45},"end":{"line":112,"column":79},"skip":true},{"start":{"line":112,"column":83},"end":{"line":121,"column":9},"skip":true}]},"12":{"line":123,"type":"binary-expr","locations":[{"start":{"line":123,"column":42},"end":{"line":123,"column":73},"skip":true},{"start":{"line":123,"column":77},"end":{"line":136,"column":9},"skip":true}]},"13":{"line":138,"type":"binary-expr","locations":[{"start":{"line":138,"column":48},"end":{"line":138,"column":85},"skip":true},{"start":{"line":139,"column":12},"end":{"line":145,"column":13},"skip":true}]},"14":{"line":147,"type":"binary-expr","locations":[{"start":{"line":147,"column":42},"end":{"line":147,"column":73},"skip":true},{"start":{"line":147,"column":77},"end":{"line":156,"column":9},"skip":true}]},"15":{"line":158,"type":"binary-expr","locations":[{"start":{"line":158,"column":45},"end":{"line":158,"column":79},"skip":true},{"start":{"line":158,"column":83},"end":{"line":167,"column":9},"skip":true}]},"16":{"line":169,"type":"binary-expr","locations":[{"start":{"line":169,"column":43},"end":{"line":169,"column":75},"skip":true},{"start":{"line":169,"column":79},"end":{"line":178,"column":9},"skip":true}]},"17":{"line":180,"type":"binary-expr","locations":[{"start":{"line":180,"column":41},"end":{"line":180,"column":71},"skip":true},{"start":{"line":180,"column":75},"end":{"line":189,"column":9},"skip":true}]}},"code":["/* istanbul instrument in package npmtest_react_dnd */","/*jslint","    bitwise: true,","    browser: true,","    maxerr: 8,","    maxlen: 96,","    node: true,","    nomen: true,","    regexp: true,","    stupid: true","*/","(function () {","    'use strict';","    var local;","","","","    // run shared js-env code - pre-init","    (function () {","        // init local","        local = {};","        // init modeJs","        local.modeJs = (function () {","            try {","                return typeof navigator.userAgent === 'string' &&","                    typeof document.querySelector('body') === 'object' &&","                    typeof XMLHttpRequest.prototype.open === 'function' &&","                    'browser';","            } catch (errorCaughtBrowser) {","                return module.exports &&","                    typeof process.versions.node === 'string' &&","                    typeof require('http').createServer === 'function' &&","                    'node';","            }","        }());","        // init global","        local.global = local.modeJs === 'browser'","            ? window","            : global;","        switch (local.modeJs) {","        // re-init local from window.local","        case 'browser':","            local = local.global.utility2.objectSetDefault(","                local.global.utility2_rollup || local.global.local,","                local.global.utility2","            );","            break;","        // re-init local from example.js","        case 'node':","            local = (local.global.utility2_rollup || require('utility2'))","                .requireReadme();","            break;","        }","        // export local","        local.global.local = local;","    }());","","","","    // run shared js-env code - function","    (function () {","        return;","    }());","    switch (local.modeJs) {","","","","    // run browser js-env code - function","    case 'browser':","        break;","","","","    // run node js-env code - function","    case 'node':","        break;","    }","","","","    // run shared js-env code - post-init","    (function () {","        return;","    }());","    switch (local.modeJs) {","","","","    // run browser js-env code - post-init","    case 'browser':","        local.testCase_browser_nullCase = local.testCase_browser_nullCase || function (","            options,","            onError","        ) {","        /*","         * this function will test browsers's null-case handling-behavior-behavior","         */","            onError(null, options);","        };","","        // run tests","        local.nop(local.modeTest &&","            document.querySelector('#testRunButton1') &&","            document.querySelector('#testRunButton1').click());","        break;","","","","    // run node js-env code - post-init","    /* istanbul ignore next */","    case 'node':","        local.testCase_buildApidoc_default = local.testCase_buildApidoc_default || function (","            options,","            onError","        ) {","        /*","         * this function will test buildApidoc's default handling-behavior-behavior","         */","            options = { modulePathList: module.paths };","            local.buildApidoc(options, onError);","        };","","        local.testCase_buildApp_default = local.testCase_buildApp_default || function (","            options,","            onError","        ) {","        /*","         * this function will test buildApp's default handling-behavior-behavior","         */","            local.testCase_buildReadme_default(options, local.onErrorThrow);","            local.testCase_buildLib_default(options, local.onErrorThrow);","            local.testCase_buildTest_default(options, local.onErrorThrow);","            local.testCase_buildCustomOrg_default(options, local.onErrorThrow);","            options = [];","            local.buildApp(options, onError);","        };","","        local.testCase_buildCustomOrg_default = local.testCase_buildCustomOrg_default ||","            function (options, onError) {","            /*","             * this function will test buildCustomOrg's default handling-behavior","             */","                options = {};","                local.buildCustomOrg(options, onError);","            };","","        local.testCase_buildLib_default = local.testCase_buildLib_default || function (","            options,","            onError","        ) {","        /*","         * this function will test buildLib's default handling-behavior","         */","            options = {};","            local.buildLib(options, onError);","        };","","        local.testCase_buildReadme_default = local.testCase_buildReadme_default || function (","            options,","            onError","        ) {","        /*","         * this function will test buildReadme's default handling-behavior-behavior","         */","            options = {};","            local.buildReadme(options, onError);","        };","","        local.testCase_buildTest_default = local.testCase_buildTest_default || function (","            options,","            onError","        ) {","        /*","         * this function will test buildTest's default handling-behavior","         */","            options = {};","            local.buildTest(options, onError);","        };","","        local.testCase_webpage_default = local.testCase_webpage_default || function (","            options,","            onError","        ) {","        /*","         * this function will test webpage's default handling-behavior","         */","            options = { modeCoverageMerge: true, url: local.serverLocalHost + '?modeTest=1' };","            local.browserTest(options, onError);","        };","","        // run test-server","        local.testRunServer(local);","        break;","    }","}());",""],"l":{"12":2,"14":2,"19":2,"21":2,"23":2,"24":2,"25":2,"30":1,"37":2,"40":2,"43":1,"47":1,"50":1,"52":1,"55":2,"61":2,"62":2,"64":2,"70":1,"76":1,"82":2,"83":2,"85":2,"91":1,"98":1,"102":1,"105":1,"112":1,"119":1,"120":1,"123":1,"130":1,"131":1,"132":1,"133":1,"134":1,"135":1,"138":1,"143":2,"144":2,"147":1,"154":2,"155":2,"158":1,"165":2,"166":2,"169":1,"176":2,"177":2,"180":1,"187":1,"188":1,"192":1,"193":1}},"/home/travis/build/npmtest/node-npmtest-react-dnd/lib.npmtest_react_dnd.js":{"path":"/home/travis/build/npmtest/node-npmtest-react-dnd/lib.npmtest_react_dnd.js","s":{"1":2,"2":2,"3":2,"4":2,"5":2,"6":2,"7":2,"8":1,"9":2,"10":2,"11":2,"12":2,"13":1,"14":1,"15":1,"16":1},"b":{"1":[2,1,1,1],"2":[1,1,1,1],"3":[1,1],"4":[2,2],"5":[1,1]},"f":{"1":2,"2":2,"3":2},"fnMap":{"1":{"name":"(anonymous_1)","line":12,"loc":{"start":{"line":12,"column":1},"end":{"line":12,"column":13}}},"2":{"name":"(anonymous_2)","line":19,"loc":{"start":{"line":19,"column":5},"end":{"line":19,"column":17}}},"3":{"name":"(anonymous_3)","line":23,"loc":{"start":{"line":23,"column":24},"end":{"line":23,"column":36}}}},"statementMap":{"1":{"start":{"line":12,"column":0},"end":{"line":53,"column":5}},"2":{"start":{"line":14,"column":4},"end":{"line":14,"column":14}},"3":{"start":{"line":19,"column":4},"end":{"line":52,"column":9}},"4":{"start":{"line":21,"column":8},"end":{"line":21,"column":19}},"5":{"start":{"line":23,"column":8},"end":{"line":35,"column":13}},"6":{"start":{"line":24,"column":12},"end":{"line":34,"column":13}},"7":{"start":{"line":25,"column":16},"end":{"line":28,"column":30}},"8":{"start":{"line":30,"column":16},"end":{"line":33,"column":27}},"9":{"start":{"line":37,"column":8},"end":{"line":39,"column":21}},"10":{"start":{"line":41,"column":8},"end":{"line":41,"column":54}},"11":{"start":{"line":43,"column":8},"end":{"line":43,"column":54}},"12":{"start":{"line":45,"column":8},"end":{"line":51,"column":9}},"13":{"start":{"line":46,"column":12},"end":{"line":46,"column":60}},"14":{"start":{"line":48,"column":12},"end":{"line":48,"column":35}},"15":{"start":{"line":49,"column":12},"end":{"line":49,"column":49}},"16":{"start":{"line":50,"column":12},"end":{"line":50,"column":43}}},"branchMap":{"1":{"line":25,"type":"binary-expr","locations":[{"start":{"line":25,"column":23},"end":{"line":25,"column":62}},{"start":{"line":26,"column":20},"end":{"line":26,"column":70}},{"start":{"line":27,"column":20},"end":{"line":27,"column":71}},{"start":{"line":28,"column":20},"end":{"line":28,"column":29}}]},"2":{"line":30,"type":"binary-expr","locations":[{"start":{"line":30,"column":23},"end":{"line":30,"column":37}},{"start":{"line":31,"column":20},"end":{"line":31,"column":61}},{"start":{"line":32,"column":20},"end":{"line":32,"column":70}},{"start":{"line":33,"column":20},"end":{"line":33,"column":26}}]},"3":{"line":37,"type":"cond-expr","locations":[{"start":{"line":38,"column":14},"end":{"line":38,"column":20}},{"start":{"line":39,"column":14},"end":{"line":39,"column":20}}]},"4":{"line":41,"type":"binary-expr","locations":[{"start":{"line":41,"column":16},"end":{"line":41,"column":44}},{"start":{"line":41,"column":48},"end":{"line":41,"column":53}}]},"5":{"line":45,"type":"if","locations":[{"start":{"line":45,"column":8},"end":{"line":45,"column":8}},{"start":{"line":45,"column":8},"end":{"line":45,"column":8}}]}},"code":["/* istanbul instrument in package npmtest_react_dnd */","/*jslint","    bitwise: true,","    browser: true,","    maxerr: 8,","    maxlen: 96,","    node: true,","    nomen: true,","    regexp: true,","    stupid: true","*/","(function () {","    'use strict';","    var local;","","","","    // run shared js-env code - pre-init","    (function () {","        // init local","        local = {};","        // init modeJs","        local.modeJs = (function () {","            try {","                return typeof navigator.userAgent === 'string' &&","                    typeof document.querySelector('body') === 'object' &&","                    typeof XMLHttpRequest.prototype.open === 'function' &&","                    'browser';","            } catch (errorCaughtBrowser) {","                return module.exports &&","                    typeof process.versions.node === 'string' &&","                    typeof require('http').createServer === 'function' &&","                    'node';","            }","        }());","        // init global","        local.global = local.modeJs === 'browser'","            ? window","            : global;","        // init utility2_rollup","        local = local.global.utility2_rollup || local;","        // init lib","        local.local = local.npmtest_react_dnd = local;","        // init exports","        if (local.modeJs === 'browser') {","            local.global.utility2_npmtest_react_dnd = local;","        } else {","            module.exports = local;","            module.exports.__dirname = __dirname;","            module.exports.module = module;","        }","    }());","}());",""],"l":{"12":2,"14":2,"19":2,"21":2,"23":2,"24":2,"25":2,"30":1,"37":2,"41":2,"43":2,"45":2,"46":1,"48":1,"49":1,"50":1}},"/home/travis/build/npmtest/node-npmtest-react-dnd/example.js":{"path":"/home/travis/build/npmtest/node-npmtest-react-dnd/example.js","s":{"1":2,"2":2,"3":2,"4":2,"5":2,"6":2,"7":2,"8":1,"9":2,"10":2,"11":2,"12":2,"13":1,"14":2,"15":2,"16":2,"17":2,"18":2,"19":0,"20":2,"21":1,"22":1,"23":1,"24":1,"25":1,"26":0,"27":0,"28":1,"29":1,"30":2,"31":0,"32":0,"33":0,"34":1,"35":2,"36":2,"37":3,"38":3,"39":3,"40":3,"41":0,"42":3,"43":3,"44":3,"45":1,"46":3,"47":1,"48":1,"49":1,"50":1,"51":1,"52":1,"53":1,"54":1,"55":1,"56":1,"57":0,"58":1,"59":6,"60":6,"61":1,"62":2,"63":0,"64":2,"65":1,"66":1,"67":0,"68":0,"69":0,"70":0,"71":0,"72":0,"73":0,"74":0,"75":0,"76":0,"77":0,"78":0,"79":0,"80":0,"81":0,"82":0,"83":0},"b":{"1":[2,1,1,1],"2":[1,1,1,1],"3":[1,1],"4":[2,2],"5":[1,1],"6":[1,1],"7":[2,0],"8":[2,1,1,1,1,1],"9":[0,2,0],"10":[1,1],"11":[2,1,1],"12":[1,0],"13":[0,2],"14":[2,0,0,0,0,0,0],"15":[0,3],"16":[3,0],"17":[1,1],"18":[0,1],"19":[1,2,0,2],"20":[1,0],"21":[1,1],"22":[0,0],"23":[0,0],"24":[0,0],"25":[0,0],"26":[0,0],"27":[0,0],"28":[0,0]},"f":{"1":2,"2":2,"3":2,"4":2,"5":2,"6":2,"7":3,"8":3,"9":3,"10":1,"11":6,"12":0},"fnMap":{"1":{"name":"(anonymous_1)","line":26,"loc":{"start":{"line":26,"column":1},"end":{"line":26,"column":13}}},"2":{"name":"(anonymous_2)","line":33,"loc":{"start":{"line":33,"column":5},"end":{"line":33,"column":17}}},"3":{"name":"(anonymous_3)","line":37,"loc":{"start":{"line":37,"column":24},"end":{"line":37,"column":36}}},"4":{"name":"(anonymous_4)","line":69,"loc":{"start":{"line":69,"column":31},"end":{"line":69,"column":48}},"skip":true},"5":{"name":"(anonymous_5)","line":78,"loc":{"start":{"line":78,"column":26},"end":{"line":78,"column":45}},"skip":true},"6":{"name":"(anonymous_6)","line":123,"loc":{"start":{"line":123,"column":33},"end":{"line":123,"column":48}},"skip":true},"7":{"name":"(anonymous_7)","line":125,"loc":{"start":{"line":125,"column":27},"end":{"line":125,"column":39}},"skip":true},"8":{"name":"(anonymous_8)","line":133,"loc":{"start":{"line":133,"column":59},"end":{"line":133,"column":74}},"skip":true},"9":{"name":"(anonymous_9)","line":143,"loc":{"start":{"line":143,"column":45},"end":{"line":143,"column":62}},"skip":true},"10":{"name":"(anonymous_10)","line":144,"loc":{"start":{"line":144,"column":73},"end":{"line":144,"column":92}},"skip":true},"11":{"name":"(anonymous_11)","line":272,"loc":{"start":{"line":272,"column":51},"end":{"line":272,"column":77}},"skip":true},"12":{"name":"(anonymous_12)","line":315,"loc":{"start":{"line":315,"column":32},"end":{"line":315,"column":61}},"skip":true}},"statementMap":{"1":{"start":{"line":26,"column":0},"end":{"line":326,"column":5}},"2":{"start":{"line":28,"column":4},"end":{"line":28,"column":14}},"3":{"start":{"line":33,"column":4},"end":{"line":60,"column":9}},"4":{"start":{"line":35,"column":8},"end":{"line":35,"column":19}},"5":{"start":{"line":37,"column":8},"end":{"line":49,"column":13}},"6":{"start":{"line":38,"column":12},"end":{"line":48,"column":13}},"7":{"start":{"line":39,"column":16},"end":{"line":42,"column":30}},"8":{"start":{"line":44,"column":16},"end":{"line":47,"column":27}},"9":{"start":{"line":51,"column":8},"end":{"line":53,"column":21}},"10":{"start":{"line":55,"column":8},"end":{"line":57,"column":45}},"11":{"start":{"line":59,"column":8},"end":{"line":59,"column":35}},"12":{"start":{"line":61,"column":4},"end":{"line":325,"column":5}},"13":{"start":{"line":69,"column":8},"end":{"line":121,"column":10},"skip":true},"14":{"start":{"line":70,"column":12},"end":{"line":88,"column":13},"skip":true},"15":{"start":{"line":76,"column":16},"end":{"line":87,"column":19},"skip":true},"16":{"start":{"line":79,"column":20},"end":{"line":86,"column":21},"skip":true},"17":{"start":{"line":82,"column":24},"end":{"line":82,"column":43},"skip":true},"18":{"start":{"line":83,"column":24},"end":{"line":83,"column":30},"skip":true},"19":{"start":{"line":85,"column":24},"end":{"line":85,"column":49},"skip":true},"20":{"start":{"line":89,"column":12},"end":{"line":107,"column":13},"skip":true},"21":{"start":{"line":92,"column":16},"end":{"line":102,"column":17},"skip":true},"22":{"start":{"line":93,"column":20},"end":{"line":93,"column":86},"skip":true},"23":{"start":{"line":94,"column":20},"end":{"line":95,"column":45},"skip":true},"24":{"start":{"line":96,"column":20},"end":{"line":96,"column":42},"skip":true},"25":{"start":{"line":97,"column":20},"end":{"line":97,"column":48},"skip":true},"26":{"start":{"line":100,"column":20},"end":{"line":100,"column":85},"skip":true},"27":{"start":{"line":101,"column":20},"end":{"line":101,"column":96},"skip":true},"28":{"start":{"line":103,"column":16},"end":{"line":103,"column":22},"skip":true},"29":{"start":{"line":106,"column":16},"end":{"line":106,"column":22},"skip":true},"30":{"start":{"line":108,"column":12},"end":{"line":120,"column":13},"skip":true},"31":{"start":{"line":114,"column":16},"end":{"line":119,"column":17},"skip":true},"32":{"start":{"line":116,"column":20},"end":{"line":116,"column":78},"skip":true},"33":{"start":{"line":118,"column":20},"end":{"line":118,"column":47},"skip":true},"34":{"start":{"line":123,"column":8},"end":{"line":141,"column":11},"skip":true},"35":{"start":{"line":124,"column":12},"end":{"line":124,"column":54},"skip":true},"36":{"start":{"line":125,"column":12},"end":{"line":140,"column":14},"skip":true},"37":{"start":{"line":126,"column":16},"end":{"line":126,"column":28},"skip":true},"38":{"start":{"line":127,"column":16},"end":{"line":127,"column":69},"skip":true},"39":{"start":{"line":128,"column":16},"end":{"line":128,"column":75},"skip":true},"40":{"start":{"line":129,"column":16},"end":{"line":131,"column":17},"skip":true},"41":{"start":{"line":130,"column":20},"end":{"line":130,"column":27},"skip":true},"42":{"start":{"line":133,"column":16},"end":{"line":137,"column":36},"skip":true},"43":{"start":{"line":134,"column":20},"end":{"line":136,"column":55},"skip":true},"44":{"start":{"line":139,"column":16},"end":{"line":139,"column":57},"skip":true},"45":{"start":{"line":143,"column":8},"end":{"line":147,"column":11},"skip":true},"46":{"start":{"line":144,"column":12},"end":{"line":146,"column":15},"skip":true},"47":{"start":{"line":145,"column":16},"end":{"line":145,"column":70},"skip":true},"48":{"start":{"line":149,"column":8},"end":{"line":149,"column":31},"skip":true},"49":{"start":{"line":150,"column":8},"end":{"line":150,"column":14},"skip":true},"50":{"start":{"line":158,"column":8},"end":{"line":158,"column":31},"skip":true},"51":{"start":{"line":160,"column":8},"end":{"line":160,"column":33},"skip":true},"52":{"start":{"line":161,"column":8},"end":{"line":161,"column":37},"skip":true},"53":{"start":{"line":162,"column":8},"end":{"line":162,"column":35},"skip":true},"54":{"start":{"line":164,"column":8},"end":{"line":164,"column":50},"skip":true},"55":{"start":{"line":166,"column":8},"end":{"line":256,"column":2},"skip":true},"56":{"start":{"line":258,"column":8},"end":{"line":286,"column":9},"skip":true},"57":{"start":{"line":259,"column":12},"end":{"line":269,"column":14},"skip":true},"58":{"start":{"line":271,"column":12},"end":{"line":285,"column":19},"skip":true},"59":{"start":{"line":274,"column":20},"end":{"line":274,"column":35},"skip":true},"60":{"start":{"line":275,"column":20},"end":{"line":284,"column":21},"skip":true},"61":{"start":{"line":277,"column":24},"end":{"line":277,"column":64},"skip":true},"62":{"start":{"line":279,"column":24},"end":{"line":279,"column":40},"skip":true},"63":{"start":{"line":281,"column":24},"end":{"line":281,"column":40},"skip":true},"64":{"start":{"line":283,"column":24},"end":{"line":283,"column":39},"skip":true},"65":{"start":{"line":288,"column":8},"end":{"line":290,"column":9},"skip":true},"66":{"start":{"line":289,"column":12},"end":{"line":289,"column":18},"skip":true},"67":{"start":{"line":291,"column":8},"end":{"line":293,"column":54},"skip":true},"68":{"start":{"line":296,"column":8},"end":{"line":301,"column":37},"skip":true},"69":{"start":{"line":303,"column":8},"end":{"line":303,"column":82},"skip":true},"70":{"start":{"line":306,"column":8},"end":{"line":308,"column":9},"skip":true},"71":{"start":{"line":307,"column":12},"end":{"line":307,"column":82},"skip":true},"72":{"start":{"line":310,"column":8},"end":{"line":312,"column":9},"skip":true},"73":{"start":{"line":311,"column":12},"end":{"line":311,"column":18},"skip":true},"74":{"start":{"line":313,"column":8},"end":{"line":313,"column":54},"skip":true},"75":{"start":{"line":314,"column":8},"end":{"line":314,"column":69},"skip":true},"76":{"start":{"line":315,"column":8},"end":{"line":323,"column":36},"skip":true},"77":{"start":{"line":316,"column":12},"end":{"line":316,"column":61},"skip":true},"78":{"start":{"line":317,"column":12},"end":{"line":320,"column":13},"skip":true},"79":{"start":{"line":318,"column":16},"end":{"line":318,"column":75},"skip":true},"80":{"start":{"line":319,"column":16},"end":{"line":319,"column":23},"skip":true},"81":{"start":{"line":321,"column":12},"end":{"line":321,"column":38},"skip":true},"82":{"start":{"line":322,"column":12},"end":{"line":322,"column":27},"skip":true},"83":{"start":{"line":324,"column":8},"end":{"line":324,"column":14},"skip":true}},"branchMap":{"1":{"line":39,"type":"binary-expr","locations":[{"start":{"line":39,"column":23},"end":{"line":39,"column":62}},{"start":{"line":40,"column":20},"end":{"line":40,"column":70}},{"start":{"line":41,"column":20},"end":{"line":41,"column":71}},{"start":{"line":42,"column":20},"end":{"line":42,"column":29}}]},"2":{"line":44,"type":"binary-expr","locations":[{"start":{"line":44,"column":23},"end":{"line":44,"column":37}},{"start":{"line":45,"column":20},"end":{"line":45,"column":61}},{"start":{"line":46,"column":20},"end":{"line":46,"column":70}},{"start":{"line":47,"column":20},"end":{"line":47,"column":26}}]},"3":{"line":51,"type":"cond-expr","locations":[{"start":{"line":52,"column":14},"end":{"line":52,"column":20}},{"start":{"line":53,"column":14},"end":{"line":53,"column":20}}]},"4":{"line":55,"type":"binary-expr","locations":[{"start":{"line":55,"column":16},"end":{"line":55,"column":44}},{"start":{"line":55,"column":49},"end":{"line":57,"column":43}}]},"5":{"line":55,"type":"cond-expr","locations":[{"start":{"line":56,"column":14},"end":{"line":56,"column":53}},{"start":{"line":57,"column":14},"end":{"line":57,"column":43}}]},"6":{"line":61,"type":"switch","locations":[{"start":{"line":68,"column":4},"end":{"line":150,"column":14},"skip":true},{"start":{"line":156,"column":4},"end":{"line":324,"column":14},"skip":true}]},"7":{"line":70,"type":"if","locations":[{"start":{"line":70,"column":12},"end":{"line":70,"column":12},"skip":true},{"start":{"line":70,"column":12},"end":{"line":70,"column":12},"skip":true}]},"8":{"line":70,"type":"binary-expr","locations":[{"start":{"line":70,"column":16},"end":{"line":70,"column":22},"skip":true},{"start":{"line":70,"column":27},"end":{"line":70,"column":32},"skip":true},{"start":{"line":71,"column":20},"end":{"line":71,"column":39},"skip":true},{"start":{"line":72,"column":20},"end":{"line":72,"column":49},"skip":true},{"start":{"line":73,"column":20},"end":{"line":73,"column":58},"skip":true},{"start":{"line":74,"column":20},"end":{"line":74,"column":69},"skip":true}]},"9":{"line":79,"type":"switch","locations":[{"start":{"line":80,"column":20},"end":{"line":80,"column":33},"skip":true},{"start":{"line":81,"column":20},"end":{"line":83,"column":30},"skip":true},{"start":{"line":84,"column":20},"end":{"line":85,"column":49},"skip":true}]},"10":{"line":89,"type":"switch","locations":[{"start":{"line":90,"column":12},"end":{"line":103,"column":22},"skip":true},{"start":{"line":105,"column":12},"end":{"line":106,"column":22},"skip":true}]},"11":{"line":89,"type":"binary-expr","locations":[{"start":{"line":89,"column":20},"end":{"line":89,"column":25},"skip":true},{"start":{"line":89,"column":29},"end":{"line":89,"column":48},"skip":true},{"start":{"line":89,"column":52},"end":{"line":89,"column":74},"skip":true}]},"12":{"line":92,"type":"if","locations":[{"start":{"line":92,"column":16},"end":{"line":92,"column":16},"skip":true},{"start":{"line":92,"column":16},"end":{"line":92,"column":16},"skip":true}]},"13":{"line":108,"type":"if","locations":[{"start":{"line":108,"column":12},"end":{"line":108,"column":12},"skip":true},{"start":{"line":108,"column":12},"end":{"line":108,"column":12},"skip":true}]},"14":{"line":108,"type":"binary-expr","locations":[{"start":{"line":108,"column":16},"end":{"line":108,"column":61},"skip":true},{"start":{"line":108,"column":66},"end":{"line":108,"column":72},"skip":true},{"start":{"line":108,"column":77},"end":{"line":108,"column":82},"skip":true},{"start":{"line":109,"column":20},"end":{"line":109,"column":39},"skip":true},{"start":{"line":110,"column":20},"end":{"line":110,"column":49},"skip":true},{"start":{"line":111,"column":20},"end":{"line":111,"column":58},"skip":true},{"start":{"line":112,"column":20},"end":{"line":112,"column":68},"skip":true}]},"15":{"line":129,"type":"if","locations":[{"start":{"line":129,"column":16},"end":{"line":129,"column":16},"skip":true},{"start":{"line":129,"column":16},"end":{"line":129,"column":16},"skip":true}]},"16":{"line":134,"type":"cond-expr","locations":[{"start":{"line":135,"column":26},"end":{"line":135,"column":29},"skip":true},{"start":{"line":136,"column":26},"end":{"line":136,"column":54},"skip":true}]},"17":{"line":164,"type":"binary-expr","locations":[{"start":{"line":164,"column":27},"end":{"line":164,"column":43},"skip":true},{"start":{"line":164,"column":47},"end":{"line":164,"column":49},"skip":true}]},"18":{"line":258,"type":"if","locations":[{"start":{"line":258,"column":8},"end":{"line":258,"column":8},"skip":true},{"start":{"line":258,"column":8},"end":{"line":258,"column":8},"skip":true}]},"19":{"line":275,"type":"switch","locations":[{"start":{"line":276,"column":20},"end":{"line":277,"column":64},"skip":true},{"start":{"line":278,"column":20},"end":{"line":279,"column":40},"skip":true},{"start":{"line":280,"column":20},"end":{"line":281,"column":40},"skip":true},{"start":{"line":282,"column":20},"end":{"line":283,"column":39},"skip":true}]},"20":{"line":288,"type":"if","locations":[{"start":{"line":288,"column":8},"end":{"line":288,"column":8},"skip":true},{"start":{"line":288,"column":8},"end":{"line":288,"column":8},"skip":true}]},"21":{"line":288,"type":"binary-expr","locations":[{"start":{"line":288,"column":12},"end":{"line":288,"column":40},"skip":true},{"start":{"line":288,"column":44},"end":{"line":288,"column":67},"skip":true}]},"22":{"line":292,"type":"binary-expr","locations":[{"start":{"line":292,"column":12},"end":{"line":292,"column":50},"skip":true},{"start":{"line":293,"column":12},"end":{"line":293,"column":53},"skip":true}]},"23":{"line":297,"type":"binary-expr","locations":[{"start":{"line":297,"column":12},"end":{"line":297,"column":67},"skip":true},{"start":{"line":298,"column":12},"end":{"line":301,"column":36},"skip":true}]},"24":{"line":303,"type":"binary-expr","locations":[{"start":{"line":303,"column":43},"end":{"line":303,"column":75},"skip":true},{"start":{"line":303,"column":79},"end":{"line":303,"column":81},"skip":true}]},"25":{"line":306,"type":"if","locations":[{"start":{"line":306,"column":8},"end":{"line":306,"column":8},"skip":true},{"start":{"line":306,"column":8},"end":{"line":306,"column":8},"skip":true}]},"26":{"line":310,"type":"if","locations":[{"start":{"line":310,"column":8},"end":{"line":310,"column":8},"skip":true},{"start":{"line":310,"column":8},"end":{"line":310,"column":8},"skip":true}]},"27":{"line":313,"type":"binary-expr","locations":[{"start":{"line":313,"column":27},"end":{"line":313,"column":43},"skip":true},{"start":{"line":313,"column":47},"end":{"line":313,"column":53},"skip":true}]},"28":{"line":317,"type":"if","locations":[{"start":{"line":317,"column":12},"end":{"line":317,"column":12},"skip":true},{"start":{"line":317,"column":12},"end":{"line":317,"column":12},"skip":true}]}},"code":["/*","example.js","","quickstart example","","instruction","    1. save this script as example.js","    2. run the shell command:","        $ npm install npmtest-react-dnd && PORT=8081 node example.js","    3. play with the browser-demo on http://127.0.0.1:8081","*/","","","","/* istanbul instrument in package npmtest_react_dnd */","/*jslint","    bitwise: true,","    browser: true,","    maxerr: 8,","    maxlen: 96,","    node: true,","    nomen: true,","    regexp: true,","    stupid: true","*/","(function () {","    'use strict';","    var local;","","","","    // run shared js-env code - pre-init","    (function () {","        // init local","        local = {};","        // init modeJs","        local.modeJs = (function () {","            try {","                return typeof navigator.userAgent === 'string' &&","                    typeof document.querySelector('body') === 'object' &&","                    typeof XMLHttpRequest.prototype.open === 'function' &&","                    'browser';","            } catch (errorCaughtBrowser) {","                return module.exports &&","                    typeof process.versions.node === 'string' &&","                    typeof require('http').createServer === 'function' &&","                    'node';","            }","        }());","        // init global","        local.global = local.modeJs === 'browser'","            ? window","            : global;","        // init utility2_rollup","        local = local.global.utility2_rollup || (local.modeJs === 'browser'","            ? local.global.utility2_npmtest_react_dnd","            : global.utility2_moduleExports);","        // export local","        local.global.local = local;","    }());","    switch (local.modeJs) {","","","","    // post-init","    // run browser js-env code - post-init","    /* istanbul ignore next */","    case 'browser':","        local.testRunBrowser = function (event) {","            if (!event || (event &&","                    event.currentTarget &&","                    event.currentTarget.className &&","                    event.currentTarget.className.includes &&","                    event.currentTarget.className.includes('onreset'))) {","                // reset output","                Array.from(","                    document.querySelectorAll('body > .resettable')","                ).forEach(function (element) {","                    switch (element.tagName) {","                    case 'INPUT':","                    case 'TEXTAREA':","                        element.value = '';","                        break;","                    default:","                        element.textContent = '';","                    }","                });","            }","            switch (event && event.currentTarget && event.currentTarget.id) {","            case 'testRunButton1':","                // show tests","                if (document.querySelector('#testReportDiv1').style.display === 'none') {","                    document.querySelector('#testReportDiv1').style.display = 'block';","                    document.querySelector('#testRunButton1').textContent =","                        'hide internal test';","                    local.modeTest = true;","                    local.testRunDefault(local);","                // hide tests","                } else {","                    document.querySelector('#testReportDiv1').style.display = 'none';","                    document.querySelector('#testRunButton1').textContent = 'run internal test';","                }","                break;","            // custom-case","            default:","                break;","            }","            if (document.querySelector('#inputTextareaEval1') && (!event || (event &&","                    event.currentTarget &&","                    event.currentTarget.className &&","                    event.currentTarget.className.includes &&","                    event.currentTarget.className.includes('oneval')))) {","                // try to eval input-code","                try {","                    /*jslint evil: true*/","                    eval(document.querySelector('#inputTextareaEval1').value);","                } catch (errorCaught) {","                    console.error(errorCaught);","                }","            }","        };","        // log stderr and stdout to #outputTextareaStdout1","        ['error', 'log'].forEach(function (key) {","            console[key + '_original'] = console[key];","            console[key] = function () {","                var element;","                console[key + '_original'].apply(console, arguments);","                element = document.querySelector('#outputTextareaStdout1');","                if (!element) {","                    return;","                }","                // append text to #outputTextareaStdout1","                element.value += Array.from(arguments).map(function (arg) {","                    return typeof arg === 'string'","                        ? arg","                        : JSON.stringify(arg, null, 4);","                }).join(' ') + '\\n';","                // scroll textarea to bottom","                element.scrollTop = element.scrollHeight;","            };","        });","        // init event-handling","        ['change', 'click', 'keyup'].forEach(function (event) {","            Array.from(document.querySelectorAll('.on' + event)).forEach(function (element) {","                element.addEventListener(event, local.testRunBrowser);","            });","        });","        // run tests","        local.testRunBrowser();","        break;","","","","    // run node js-env code - post-init","    /* istanbul ignore next */","    case 'node':","        // export local","        module.exports = local;","        // require modules","        local.fs = require('fs');","        local.http = require('http');","        local.url = require('url');","        // init assets","        local.assetsDict = local.assetsDict || {};","        /* jslint-ignore-begin */","        local.assetsDict['/assets.index.template.html'] = '\\","<!doctype html>\\n\\","<html lang=\"en\">\\n\\","<head>\\n\\","<meta charset=\"UTF-8\">\\n\\","<meta name=\"viewport\" content=\"width=device-width, initial-scale=1\">\\n\\","<title>{{env.npm_package_name}} (v{{env.npm_package_version}})</title>\\n\\","<style>\\n\\","/*csslint\\n\\","    box-sizing: false,\\n\\","    universal-selector: false\\n\\","*/\\n\\","* {\\n\\","    box-sizing: border-box;\\n\\","}\\n\\","body {\\n\\","    background: #dde;\\n\\","    font-family: Arial, Helvetica, sans-serif;\\n\\","    margin: 2rem;\\n\\","}\\n\\","body > * {\\n\\","    margin-bottom: 1rem;\\n\\","}\\n\\",".utility2FooterDiv {\\n\\","    margin-top: 20px;\\n\\","    text-align: center;\\n\\","}\\n\\","</style>\\n\\","<style>\\n\\","/*csslint\\n\\","*/\\n\\","textarea {\\n\\","    font-family: monospace;\\n\\","    height: 10rem;\\n\\","    width: 100%;\\n\\","}\\n\\","textarea[readonly] {\\n\\","    background: #ddd;\\n\\","}\\n\\","</style>\\n\\","</head>\\n\\","<body>\\n\\","<!-- utility2-comment\\n\\","<div id=\"ajaxProgressDiv1\" style=\"background: #d00; height: 2px; left: 0; margin: 0; padding: 0; position: fixed; top: 0; transition: background 0.5s, width 1.5s; width: 25%;\"></div>\\n\\","utility2-comment -->\\n\\","<h1>\\n\\","<!-- utility2-comment\\n\\","    <a\\n\\","        {{#if env.npm_package_homepage}}\\n\\","        href=\"{{env.npm_package_homepage}}\"\\n\\","        {{/if env.npm_package_homepage}}\\n\\","        target=\"_blank\"\\n\\","    >\\n\\","utility2-comment -->\\n\\","        {{env.npm_package_name}} (v{{env.npm_package_version}})\\n\\","<!-- utility2-comment\\n\\","    </a>\\n\\","utility2-comment -->\\n\\","</h1>\\n\\","<h3>{{env.npm_package_description}}</h3>\\n\\","<!-- utility2-comment\\n\\","<h4><a download href=\"assets.app.js\">download standalone app</a></h4>\\n\\","<button class=\"onclick onreset\" id=\"testRunButton1\">run internal test</button><br>\\n\\","<div id=\"testReportDiv1\" style=\"display: none;\"></div>\\n\\","utility2-comment -->\\n\\","\\n\\","\\n\\","\\n\\","<label>stderr and stdout</label>\\n\\","<textarea class=\"resettable\" id=\"outputTextareaStdout1\" readonly></textarea>\\n\\","<!-- utility2-comment\\n\\","{{#if isRollup}}\\n\\","<script src=\"assets.app.js\"></script>\\n\\","{{#unless isRollup}}\\n\\","utility2-comment -->\\n\\","<script src=\"assets.utility2.rollup.js\"></script>\\n\\","<script src=\"jsonp.utility2._stateInit?callback=window.utility2._stateInit\"></script>\\n\\","<script src=\"assets.npmtest_react_dnd.rollup.js\"></script>\\n\\","<script src=\"assets.example.js\"></script>\\n\\","<script src=\"assets.test.js\"></script>\\n\\","<!-- utility2-comment\\n\\","{{/if isRollup}}\\n\\","utility2-comment -->\\n\\","<div class=\"utility2FooterDiv\">\\n\\","    [ this app was created with\\n\\","    <a href=\"https://github.com/kaizhu256/node-utility2\" target=\"_blank\">utility2</a>\\n\\","    ]\\n\\","</div>\\n\\","</body>\\n\\","</html>\\n\\","';","        /* jslint-ignore-end */","        if (local.templateRender) {","            local.assetsDict['/'] = local.templateRender(","                local.assetsDict['/assets.index.template.html'],","                {","                    env: local.objectSetDefault(local.env, {","                        npm_package_description: 'the greatest app in the world!',","                        npm_package_name: 'my-app',","                        npm_package_nameAlias: 'my_app',","                        npm_package_version: '0.0.1'","                    })","                }","            );","        } else {","            local.assetsDict['/'] = local.assetsDict['/assets.index.template.html']","                .replace((/\\{\\{env\\.(\\w+?)\\}\\}/g), function (match0, match1) {","                    // jslint-hack","                    String(match0);","                    switch (match1) {","                    case 'npm_package_description':","                        return 'the greatest app in the world!';","                    case 'npm_package_name':","                        return 'my-app';","                    case 'npm_package_nameAlias':","                        return 'my_app';","                    case 'npm_package_version':","                        return '0.0.1';","                    }","                });","        }","        // run the cli","        if (local.global.utility2_rollup || module !== require.main) {","            break;","        }","        local.assetsDict['/assets.example.js'] =","            local.assetsDict['/assets.example.js'] ||","            local.fs.readFileSync(__filename, 'utf8');","        // bug-workaround - long $npm_package_buildCustomOrg","        /* jslint-ignore-begin */","        local.assetsDict['/assets.npmtest_react_dnd.rollup.js'] =","            local.assetsDict['/assets.npmtest_react_dnd.rollup.js'] ||","            local.fs.readFileSync(","                local.npmtest_react_dnd.__dirname + '/lib.npmtest_react_dnd.js',","                'utf8'","            ).replace((/^#!/), '//');","        /* jslint-ignore-end */","        local.assetsDict['/favicon.ico'] = local.assetsDict['/favicon.ico'] || '';","        // if $npm_config_timeout_exit exists,","        // then exit this process after $npm_config_timeout_exit ms","        if (Number(process.env.npm_config_timeout_exit)) {","            setTimeout(process.exit, Number(process.env.npm_config_timeout_exit));","        }","        // start server","        if (local.global.utility2_serverHttp1) {","            break;","        }","        process.env.PORT = process.env.PORT || '8081';","        console.error('server starting on port ' + process.env.PORT);","        local.http.createServer(function (request, response) {","            request.urlParsed = local.url.parse(request.url);","            if (local.assetsDict[request.urlParsed.pathname] !== undefined) {","                response.end(local.assetsDict[request.urlParsed.pathname]);","                return;","            }","            response.statusCode = 404;","            response.end();","        }).listen(process.env.PORT);","        break;","    }","}());",""],"l":{"26":2,"28":2,"33":2,"35":2,"37":2,"38":2,"39":2,"44":1,"51":2,"55":2,"59":2,"61":2,"69":1,"70":2,"76":2,"79":2,"82":2,"83":2,"85":1,"89":2,"92":1,"93":1,"94":1,"96":1,"97":1,"100":1,"101":1,"103":1,"106":1,"108":2,"114":1,"116":1,"118":1,"123":1,"124":2,"125":2,"126":3,"127":3,"128":3,"129":3,"130":1,"133":3,"134":3,"139":3,"143":1,"144":3,"145":1,"149":1,"150":1,"158":1,"160":1,"161":1,"162":1,"164":1,"166":1,"258":1,"259":1,"271":1,"274":6,"275":6,"277":1,"279":2,"281":1,"283":2,"288":1,"289":1,"291":1,"296":1,"303":1,"306":1,"307":1,"310":1,"311":1,"313":1,"314":1,"315":1,"316":1,"317":1,"318":1,"319":1,"321":1,"322":1,"324":1}},"/home/travis/build/npmtest/node-npmtest-react-dnd/node_modules/react-dnd/lib/index.js":{"path":"/home/travis/build/npmtest/node-npmtest-react-dnd/node_modules/react-dnd/lib/index.js","s":{"1":1,"2":1,"3":1,"4":2,"5":1,"6":1,"7":2,"8":1,"9":1,"10":2,"11":1,"12":1,"13":2,"14":1,"15":1,"16":2,"17":1,"18":10},"b":{"1":[10,0],"2":[10,10]},"f":{"1":2,"2":2,"3":2,"4":2,"5":2,"6":10},"fnMap":{"1":{"name":"get","line":11,"loc":{"start":{"line":11,"column":7},"end":{"line":11,"column":22}}},"2":{"name":"get","line":20,"loc":{"start":{"line":20,"column":7},"end":{"line":20,"column":22}}},"3":{"name":"get","line":29,"loc":{"start":{"line":29,"column":7},"end":{"line":29,"column":22}}},"4":{"name":"get","line":38,"loc":{"start":{"line":38,"column":7},"end":{"line":38,"column":22}}},"5":{"name":"get","line":47,"loc":{"start":{"line":47,"column":7},"end":{"line":47,"column":22}}},"6":{"name":"_interopRequireDefault","line":52,"loc":{"start":{"line":52,"column":0},"end":{"line":52,"column":37}}}},"statementMap":{"1":{"start":{"line":3,"column":0},"end":{"line":5,"column":3}},"2":{"start":{"line":7,"column":0},"end":{"line":7,"column":52}},"3":{"start":{"line":9,"column":0},"end":{"line":14,"column":3}},"4":{"start":{"line":12,"column":4},"end":{"line":12,"column":60}},"5":{"start":{"line":16,"column":0},"end":{"line":16,"column":68}},"6":{"start":{"line":18,"column":0},"end":{"line":23,"column":3}},"7":{"start":{"line":21,"column":4},"end":{"line":21,"column":68}},"8":{"start":{"line":25,"column":0},"end":{"line":25,"column":40}},"9":{"start":{"line":27,"column":0},"end":{"line":32,"column":3}},"10":{"start":{"line":30,"column":4},"end":{"line":30,"column":54}},"11":{"start":{"line":34,"column":0},"end":{"line":34,"column":42}},"12":{"start":{"line":36,"column":0},"end":{"line":41,"column":3}},"13":{"start":{"line":39,"column":4},"end":{"line":39,"column":55}},"14":{"start":{"line":43,"column":0},"end":{"line":43,"column":42}},"15":{"start":{"line":45,"column":0},"end":{"line":50,"column":3}},"16":{"start":{"line":48,"column":4},"end":{"line":48,"column":55}},"17":{"start":{"line":52,"column":0},"end":{"line":52,"column":95}},"18":{"start":{"line":52,"column":39},"end":{"line":52,"column":93}}},"branchMap":{"1":{"line":52,"type":"cond-expr","locations":[{"start":{"line":52,"column":70},"end":{"line":52,"column":73}},{"start":{"line":52,"column":76},"end":{"line":52,"column":92}}]},"2":{"line":52,"type":"binary-expr","locations":[{"start":{"line":52,"column":46},"end":{"line":52,"column":49}},{"start":{"line":52,"column":53},"end":{"line":52,"column":67}}]}},"code":["'use strict';","","Object.defineProperty(exports, \"__esModule\", {","  value: true","});","","var _DragDropContext = require('./DragDropContext');","","Object.defineProperty(exports, 'DragDropContext', {","  enumerable: true,","  get: function get() {","    return _interopRequireDefault(_DragDropContext).default;","  }","});","","var _DragDropContextProvider = require('./DragDropContextProvider');","","Object.defineProperty(exports, 'DragDropContextProvider', {","  enumerable: true,","  get: function get() {","    return _interopRequireDefault(_DragDropContextProvider).default;","  }","});","","var _DragLayer = require('./DragLayer');","","Object.defineProperty(exports, 'DragLayer', {","  enumerable: true,","  get: function get() {","    return _interopRequireDefault(_DragLayer).default;","  }","});","","var _DragSource = require('./DragSource');","","Object.defineProperty(exports, 'DragSource', {","  enumerable: true,","  get: function get() {","    return _interopRequireDefault(_DragSource).default;","  }","});","","var _DropTarget = require('./DropTarget');","","Object.defineProperty(exports, 'DropTarget', {","  enumerable: true,","  get: function get() {","    return _interopRequireDefault(_DropTarget).default;","  }","});","","function _interopRequireDefault(obj) { return obj && obj.__esModule ? obj : { default: obj }; }"],"l":{"3":1,"7":1,"9":1,"12":2,"16":1,"18":1,"21":2,"25":1,"27":1,"30":2,"34":1,"36":1,"39":2,"43":1,"45":1,"48":2,"52":10}},"/home/travis/build/npmtest/node-npmtest-react-dnd/node_modules/react-dnd/lib/DragDropContext.js":{"path":"/home/travis/build/npmtest/node-npmtest-react-dnd/node_modules/react-dnd/lib/DragDropContext.js","s":{"1":1,"2":1,"3":1,"4":0,"5":0,"6":0,"7":0,"8":0,"9":0,"10":1,"11":1,"12":0,"13":0,"14":0,"15":0,"16":0,"17":0,"18":0,"19":1,"20":0,"21":0,"22":0,"23":0,"24":0,"25":1,"26":0,"27":0,"28":1,"29":1,"30":1,"31":1,"32":1,"33":1,"34":1,"35":1,"36":1,"37":1,"38":1,"39":4,"40":1,"41":0,"42":0,"43":1,"44":0,"45":0,"46":0,"47":1,"48":0,"49":0,"50":0,"51":0,"52":0,"53":1,"54":1,"55":0,"56":1,"57":0,"58":0,"59":0,"60":0,"61":0,"62":1,"63":0,"64":0,"65":0,"66":0,"67":0,"68":0,"69":0,"70":0,"71":1,"72":0,"73":0,"74":0,"75":0,"76":0,"77":0,"78":0,"79":0,"80":0,"81":0,"82":0,"83":0},"b":{"1":[1,0],"2":[0,0],"3":[0,0],"4":[0,0],"5":[0,0],"6":[0,0],"7":[1,0],"8":[1,1],"9":[0,0],"10":[0,0,0,0],"11":[1,3],"12":[4,4],"13":[0,0],"14":[0,0],"15":[0,0],"16":[0,0,0],"17":[0,0],"18":[0,0],"19":[0,0],"20":[0,0],"21":[0,0],"22":[0,0],"23":[0,0],"24":[0,0],"25":[0,0,0],"26":[0,0]},"f":{"1":0,"2":1,"3":0,"4":0,"5":0,"6":0,"7":4,"8":0,"9":0,"10":0,"11":0,"12":0,"13":0,"14":0,"15":0,"16":0,"17":0,"18":0,"19":0,"20":0,"21":0},"fnMap":{"1":{"name":"(anonymous_1)","line":8,"loc":{"start":{"line":8,"column":32},"end":{"line":8,"column":50}}},"2":{"name":"(anonymous_2)","line":10,"loc":{"start":{"line":10,"column":19},"end":{"line":10,"column":31}}},"3":{"name":"defineProperties","line":10,"loc":{"start":{"line":10,"column":33},"end":{"line":10,"column":74}}},"4":{"name":"(anonymous_4)","line":10,"loc":{"start":{"line":10,"column":357},"end":{"line":10,"column":405}}},"5":{"name":"(anonymous_5)","line":12,"loc":{"start":{"line":12,"column":84},"end":{"line":12,"column":99}}},"6":{"name":"(anonymous_6)","line":12,"loc":{"start":{"line":12,"column":124},"end":{"line":12,"column":139}}},"7":{"name":"_interopRequireDefault","line":34,"loc":{"start":{"line":34,"column":0},"end":{"line":34,"column":37}}},"8":{"name":"_classCallCheck","line":36,"loc":{"start":{"line":36,"column":0},"end":{"line":36,"column":48}}},"9":{"name":"_possibleConstructorReturn","line":38,"loc":{"start":{"line":38,"column":0},"end":{"line":38,"column":48}}},"10":{"name":"_inherits","line":40,"loc":{"start":{"line":40,"column":0},"end":{"line":40,"column":41}}},"11":{"name":"createChildContext","line":46,"loc":{"start":{"line":46,"column":54},"end":{"line":46,"column":100}}},"12":{"name":"unpackBackendForEs5Users","line":52,"loc":{"start":{"line":52,"column":66},"end":{"line":52,"column":117}}},"13":{"name":"DragDropContext","line":62,"loc":{"start":{"line":62,"column":0},"end":{"line":62,"column":42}}},"14":{"name":"decorateContext","line":68,"loc":{"start":{"line":68,"column":9},"end":{"line":68,"column":54}}},"15":{"name":"(anonymous_15)","line":73,"loc":{"start":{"line":73,"column":53},"end":{"line":73,"column":75}}},"16":{"name":"DragDropContextContainer","line":76,"loc":{"start":{"line":76,"column":6},"end":{"line":76,"column":42}}},"17":{"name":"getDecoratedComponentInstance","line":84,"loc":{"start":{"line":84,"column":15},"end":{"line":84,"column":56}}},"18":{"name":"getManager","line":90,"loc":{"start":{"line":90,"column":15},"end":{"line":90,"column":37}}},"19":{"name":"getChildContext","line":95,"loc":{"start":{"line":95,"column":15},"end":{"line":95,"column":42}}},"20":{"name":"render","line":100,"loc":{"start":{"line":100,"column":15},"end":{"line":100,"column":33}}},"21":{"name":"ref","line":104,"loc":{"start":{"line":104,"column":17},"end":{"line":104,"column":37}}}},"statementMap":{"1":{"start":{"line":3,"column":0},"end":{"line":5,"column":3}},"2":{"start":{"line":6,"column":0},"end":{"line":6,"column":104}},"3":{"start":{"line":8,"column":0},"end":{"line":8,"column":257}},"4":{"start":{"line":8,"column":52},"end":{"line":8,"column":239}},"5":{"start":{"line":8,"column":97},"end":{"line":8,"column":123}},"6":{"start":{"line":8,"column":124},"end":{"line":8,"column":237}},"7":{"start":{"line":8,"column":150},"end":{"line":8,"column":235}},"8":{"start":{"line":8,"column":207},"end":{"line":8,"column":233}},"9":{"start":{"line":8,"column":240},"end":{"line":8,"column":254}},"10":{"start":{"line":10,"column":0},"end":{"line":10,"column":564}},"11":{"start":{"line":10,"column":33},"end":{"line":10,"column":349}},"12":{"start":{"line":10,"column":76},"end":{"line":10,"column":347}},"13":{"start":{"line":10,"column":117},"end":{"line":10,"column":143}},"14":{"start":{"line":10,"column":144},"end":{"line":10,"column":199}},"15":{"start":{"line":10,"column":200},"end":{"line":10,"column":231}},"16":{"start":{"line":10,"column":232},"end":{"line":10,"column":286}},"17":{"start":{"line":10,"column":259},"end":{"line":10,"column":286}},"18":{"start":{"line":10,"column":287},"end":{"line":10,"column":345}},"19":{"start":{"line":10,"column":350},"end":{"line":10,"column":559}},"20":{"start":{"line":10,"column":407},"end":{"line":10,"column":475}},"21":{"start":{"line":10,"column":423},"end":{"line":10,"column":475}},"22":{"start":{"line":10,"column":476},"end":{"line":10,"column":536}},"23":{"start":{"line":10,"column":493},"end":{"line":10,"column":536}},"24":{"start":{"line":10,"column":537},"end":{"line":10,"column":556}},"25":{"start":{"line":12,"column":0},"end":{"line":12,"column":269}},"26":{"start":{"line":12,"column":101},"end":{"line":12,"column":119}},"27":{"start":{"line":12,"column":141},"end":{"line":12,"column":266}},"28":{"start":{"line":14,"column":0},"end":{"line":14,"column":34}},"29":{"start":{"line":16,"column":0},"end":{"line":16,"column":30}},"30":{"start":{"line":18,"column":0},"end":{"line":18,"column":45}},"31":{"start":{"line":20,"column":0},"end":{"line":20,"column":35}},"32":{"start":{"line":22,"column":0},"end":{"line":22,"column":38}},"33":{"start":{"line":24,"column":0},"end":{"line":24,"column":53}},"34":{"start":{"line":26,"column":0},"end":{"line":26,"column":63}},"35":{"start":{"line":28,"column":0},"end":{"line":28,"column":75}},"36":{"start":{"line":30,"column":0},"end":{"line":30,"column":74}},"37":{"start":{"line":32,"column":0},"end":{"line":32,"column":81}},"38":{"start":{"line":34,"column":0},"end":{"line":34,"column":95}},"39":{"start":{"line":34,"column":39},"end":{"line":34,"column":93}},"40":{"start":{"line":36,"column":0},"end":{"line":36,"column":153}},"41":{"start":{"line":36,"column":50},"end":{"line":36,"column":151}},"42":{"start":{"line":36,"column":92},"end":{"line":36,"column":149}},"43":{"start":{"line":38,"column":0},"end":{"line":38,"column":240}},"44":{"start":{"line":38,"column":50},"end":{"line":38,"column":151}},"45":{"start":{"line":38,"column":63},"end":{"line":38,"column":149}},"46":{"start":{"line":38,"column":152},"end":{"line":38,"column":238}},"47":{"start":{"line":40,"column":0},"end":{"line":40,"column":494}},"48":{"start":{"line":40,"column":43},"end":{"line":40,"column":208}},"49":{"start":{"line":40,"column":106},"end":{"line":40,"column":206}},"50":{"start":{"line":40,"column":209},"end":{"line":40,"column":373}},"51":{"start":{"line":40,"column":374},"end":{"line":40,"column":492}},"52":{"start":{"line":40,"column":390},"end":{"line":40,"column":492}},"53":{"start":{"line":42,"column":0},"end":{"line":44,"column":2}},"54":{"start":{"line":46,"column":0},"end":{"line":50,"column":2}},"55":{"start":{"line":47,"column":2},"end":{"line":49,"column":4}},"56":{"start":{"line":52,"column":0},"end":{"line":60,"column":2}},"57":{"start":{"line":54,"column":2},"end":{"line":54,"column":32}},"58":{"start":{"line":55,"column":2},"end":{"line":57,"column":3}},"59":{"start":{"line":56,"column":4},"end":{"line":56,"column":30}},"60":{"start":{"line":58,"column":2},"end":{"line":58,"column":227}},"61":{"start":{"line":59,"column":2},"end":{"line":59,"column":17}},"62":{"start":{"line":62,"column":0},"end":{"line":117,"column":1}},"63":{"start":{"line":63,"column":2},"end":{"line":63,"column":131}},"64":{"start":{"line":65,"column":2},"end":{"line":65,"column":58}},"65":{"start":{"line":66,"column":2},"end":{"line":66,"column":49}},"66":{"start":{"line":68,"column":2},"end":{"line":116,"column":4}},"67":{"start":{"line":69,"column":4},"end":{"line":69,"column":22}},"68":{"start":{"line":71,"column":4},"end":{"line":71,"column":95}},"69":{"start":{"line":73,"column":4},"end":{"line":112,"column":189}},"70":{"start":{"line":74,"column":6},"end":{"line":74,"column":54}},"71":{"start":{"line":76,"column":6},"end":{"line":80,"column":7}},"72":{"start":{"line":77,"column":8},"end":{"line":77,"column":56}},"73":{"start":{"line":79,"column":8},"end":{"line":79,"column":160}},"74":{"start":{"line":82,"column":6},"end":{"line":109,"column":10}},"75":{"start":{"line":85,"column":10},"end":{"line":85,"column":150}},"76":{"start":{"line":86,"column":10},"end":{"line":86,"column":28}},"77":{"start":{"line":91,"column":10},"end":{"line":91,"column":46}},"78":{"start":{"line":96,"column":10},"end":{"line":96,"column":30}},"79":{"start":{"line":101,"column":10},"end":{"line":101,"column":28}},"80":{"start":{"line":103,"column":10},"end":{"line":107,"column":14}},"81":{"start":{"line":105,"column":14},"end":{"line":105,"column":42}},"82":{"start":{"line":111,"column":6},"end":{"line":111,"column":38}},"83":{"start":{"line":115,"column":4},"end":{"line":115,"column":93}}},"branchMap":{"1":{"line":8,"type":"binary-expr","locations":[{"start":{"line":8,"column":15},"end":{"line":8,"column":28}},{"start":{"line":8,"column":32},"end":{"line":8,"column":256}}]},"2":{"line":8,"type":"if","locations":[{"start":{"line":8,"column":150},"end":{"line":8,"column":150}},{"start":{"line":8,"column":150},"end":{"line":8,"column":150}}]},"3":{"line":10,"type":"binary-expr","locations":[{"start":{"line":10,"column":168},"end":{"line":10,"column":189}},{"start":{"line":10,"column":193},"end":{"line":10,"column":198}}]},"4":{"line":10,"type":"if","locations":[{"start":{"line":10,"column":232},"end":{"line":10,"column":232}},{"start":{"line":10,"column":232},"end":{"line":10,"column":232}}]},"5":{"line":10,"type":"if","locations":[{"start":{"line":10,"column":407},"end":{"line":10,"column":407}},{"start":{"line":10,"column":407},"end":{"line":10,"column":407}}]},"6":{"line":10,"type":"if","locations":[{"start":{"line":10,"column":476},"end":{"line":10,"column":476}},{"start":{"line":10,"column":476},"end":{"line":10,"column":476}}]},"7":{"line":12,"type":"cond-expr","locations":[{"start":{"line":12,"column":84},"end":{"line":12,"column":121}},{"start":{"line":12,"column":124},"end":{"line":12,"column":268}}]},"8":{"line":12,"type":"binary-expr","locations":[{"start":{"line":12,"column":14},"end":{"line":12,"column":42}},{"start":{"line":12,"column":46},"end":{"line":12,"column":81}}]},"9":{"line":12,"type":"cond-expr","locations":[{"start":{"line":12,"column":244},"end":{"line":12,"column":252}},{"start":{"line":12,"column":255},"end":{"line":12,"column":265}}]},"10":{"line":12,"type":"binary-expr","locations":[{"start":{"line":12,"column":148},"end":{"line":12,"column":151}},{"start":{"line":12,"column":155},"end":{"line":12,"column":183}},{"start":{"line":12,"column":187},"end":{"line":12,"column":213}},{"start":{"line":12,"column":217},"end":{"line":12,"column":241}}]},"11":{"line":34,"type":"cond-expr","locations":[{"start":{"line":34,"column":70},"end":{"line":34,"column":73}},{"start":{"line":34,"column":76},"end":{"line":34,"column":92}}]},"12":{"line":34,"type":"binary-expr","locations":[{"start":{"line":34,"column":46},"end":{"line":34,"column":49}},{"start":{"line":34,"column":53},"end":{"line":34,"column":67}}]},"13":{"line":36,"type":"if","locations":[{"start":{"line":36,"column":50},"end":{"line":36,"column":50}},{"start":{"line":36,"column":50},"end":{"line":36,"column":50}}]},"14":{"line":38,"type":"if","locations":[{"start":{"line":38,"column":50},"end":{"line":38,"column":50}},{"start":{"line":38,"column":50},"end":{"line":38,"column":50}}]},"15":{"line":38,"type":"cond-expr","locations":[{"start":{"line":38,"column":226},"end":{"line":38,"column":230}},{"start":{"line":38,"column":233},"end":{"line":38,"column":237}}]},"16":{"line":38,"type":"binary-expr","locations":[{"start":{"line":38,"column":159},"end":{"line":38,"column":163}},{"start":{"line":38,"column":168},"end":{"line":38,"column":192}},{"start":{"line":38,"column":196},"end":{"line":38,"column":222}}]},"17":{"line":40,"type":"if","locations":[{"start":{"line":40,"column":43},"end":{"line":40,"column":43}},{"start":{"line":40,"column":43},"end":{"line":40,"column":43}}]},"18":{"line":40,"type":"binary-expr","locations":[{"start":{"line":40,"column":47},"end":{"line":40,"column":79}},{"start":{"line":40,"column":83},"end":{"line":40,"column":102}}]},"19":{"line":40,"type":"binary-expr","locations":[{"start":{"line":40,"column":244},"end":{"line":40,"column":254}},{"start":{"line":40,"column":258},"end":{"line":40,"column":278}}]},"20":{"line":40,"type":"if","locations":[{"start":{"line":40,"column":374},"end":{"line":40,"column":374}},{"start":{"line":40,"column":374},"end":{"line":40,"column":374}}]},"21":{"line":40,"type":"cond-expr","locations":[{"start":{"line":40,"column":414},"end":{"line":40,"column":457}},{"start":{"line":40,"column":460},"end":{"line":40,"column":491}}]},"22":{"line":55,"type":"if","locations":[{"start":{"line":55,"column":2},"end":{"line":55,"column":2}},{"start":{"line":55,"column":2},"end":{"line":55,"column":2}}]},"23":{"line":55,"type":"binary-expr","locations":[{"start":{"line":55,"column":6},"end":{"line":55,"column":84}},{"start":{"line":55,"column":88},"end":{"line":55,"column":125}}]},"24":{"line":55,"type":"cond-expr","locations":[{"start":{"line":55,"column":40},"end":{"line":55,"column":51}},{"start":{"line":55,"column":54},"end":{"line":55,"column":70}}]},"25":{"line":71,"type":"binary-expr","locations":[{"start":{"line":71,"column":22},"end":{"line":71,"column":52}},{"start":{"line":71,"column":56},"end":{"line":71,"column":79}},{"start":{"line":71,"column":83},"end":{"line":71,"column":94}}]},"26":{"line":79,"type":"binary-expr","locations":[{"start":{"line":79,"column":49},"end":{"line":79,"column":83}},{"start":{"line":79,"column":87},"end":{"line":79,"column":134}}]}},"code":["'use strict';","","Object.defineProperty(exports, \"__esModule\", {","  value: true","});","exports.unpackBackendForEs5Users = exports.createChildContext = exports.CHILD_CONTEXT_TYPES = undefined;","","var _extends = Object.assign || function (target) { for (var i = 1; i < arguments.length; i++) { var source = arguments[i]; for (var key in source) { if (Object.prototype.hasOwnProperty.call(source, key)) { target[key] = source[key]; } } } return target; };","","var _createClass = function () { function defineProperties(target, props) { for (var i = 0; i < props.length; i++) { var descriptor = props[i]; descriptor.enumerable = descriptor.enumerable || false; descriptor.configurable = true; if (\"value\" in descriptor) descriptor.writable = true; Object.defineProperty(target, descriptor.key, descriptor); } } return function (Constructor, protoProps, staticProps) { if (protoProps) defineProperties(Constructor.prototype, protoProps); if (staticProps) defineProperties(Constructor, staticProps); return Constructor; }; }();","","var _typeof = typeof Symbol === \"function\" && typeof Symbol.iterator === \"symbol\" ? function (obj) { return typeof obj; } : function (obj) { return obj && typeof Symbol === \"function\" && obj.constructor === Symbol && obj !== Symbol.prototype ? \"symbol\" : typeof obj; };","","exports.default = DragDropContext;","","var _react = require('react');","","var _react2 = _interopRequireDefault(_react);","","var _dndCore = require('dnd-core');","","var _invariant = require('invariant');","","var _invariant2 = _interopRequireDefault(_invariant);","","var _hoistNonReactStatics = require('hoist-non-react-statics');","","var _hoistNonReactStatics2 = _interopRequireDefault(_hoistNonReactStatics);","","var _checkDecoratorArguments = require('./utils/checkDecoratorArguments');","","var _checkDecoratorArguments2 = _interopRequireDefault(_checkDecoratorArguments);","","function _interopRequireDefault(obj) { return obj && obj.__esModule ? obj : { default: obj }; }","","function _classCallCheck(instance, Constructor) { if (!(instance instanceof Constructor)) { throw new TypeError(\"Cannot call a class as a function\"); } }","","function _possibleConstructorReturn(self, call) { if (!self) { throw new ReferenceError(\"this hasn't been initialised - super() hasn't been called\"); } return call && (typeof call === \"object\" || typeof call === \"function\") ? call : self; }","","function _inherits(subClass, superClass) { if (typeof superClass !== \"function\" && superClass !== null) { throw new TypeError(\"Super expression must either be null or a function, not \" + typeof superClass); } subClass.prototype = Object.create(superClass && superClass.prototype, { constructor: { value: subClass, enumerable: false, writable: true, configurable: true } }); if (superClass) Object.setPrototypeOf ? Object.setPrototypeOf(subClass, superClass) : subClass.__proto__ = superClass; }","","var CHILD_CONTEXT_TYPES = exports.CHILD_CONTEXT_TYPES = {","  dragDropManager: _react.PropTypes.object.isRequired","};","","var createChildContext = exports.createChildContext = function createChildContext(backend, context) {","  return {","    dragDropManager: new _dndCore.DragDropManager(backend, context)","  };","};","","var unpackBackendForEs5Users = exports.unpackBackendForEs5Users = function unpackBackendForEs5Users(backendOrModule) {","  // Auto-detect ES6 default export for people still using ES5","  var backend = backendOrModule;","  if ((typeof backend === 'undefined' ? 'undefined' : _typeof(backend)) === 'object' && typeof backend.default === 'function') {","    backend = backend.default;","  }","  (0, _invariant2.default)(typeof backend === 'function', 'Expected the backend to be a function or an ES6 module exporting a default function. ' + 'Read more: http://react-dnd.github.io/react-dnd/docs-drag-drop-context.html');","  return backend;","};","","function DragDropContext(backendOrModule) {","  _checkDecoratorArguments2.default.apply(undefined, ['DragDropContext', 'backend'].concat(Array.prototype.slice.call(arguments))); // eslint-disable-line prefer-rest-params","","  var backend = unpackBackendForEs5Users(backendOrModule);","  var childContext = createChildContext(backend);","","  return function decorateContext(DecoratedComponent) {","    var _class, _temp;","","    var displayName = DecoratedComponent.displayName || DecoratedComponent.name || 'Component';","","    var DragDropContextContainer = (_temp = _class = function (_Component) {","      _inherits(DragDropContextContainer, _Component);","","      function DragDropContextContainer() {","        _classCallCheck(this, DragDropContextContainer);","","        return _possibleConstructorReturn(this, (DragDropContextContainer.__proto__ || Object.getPrototypeOf(DragDropContextContainer)).apply(this, arguments));","      }","","      _createClass(DragDropContextContainer, [{","        key: 'getDecoratedComponentInstance',","        value: function getDecoratedComponentInstance() {","          (0, _invariant2.default)(this.child, 'In order to access an instance of the decorated component it can ' + 'not be a stateless component.');","          return this.child;","        }","      }, {","        key: 'getManager',","        value: function getManager() {","          return childContext.dragDropManager;","        }","      }, {","        key: 'getChildContext',","        value: function getChildContext() {","          return childContext;","        }","      }, {","        key: 'render',","        value: function render() {","          var _this2 = this;","","          return _react2.default.createElement(DecoratedComponent, _extends({}, this.props, {","            ref: function ref(child) {","              return _this2.child = child;","            }","          }));","        }","      }]);","","      return DragDropContextContainer;","    }(_react.Component), _class.DecoratedComponent = DecoratedComponent, _class.displayName = 'DragDropContext(' + displayName + ')', _class.childContextTypes = CHILD_CONTEXT_TYPES, _temp);","","","    return (0, _hoistNonReactStatics2.default)(DragDropContextContainer, DecoratedComponent);","  };","}"],"l":{"3":1,"6":1,"8":1,"10":1,"12":1,"14":1,"16":1,"18":1,"20":1,"22":1,"24":1,"26":1,"28":1,"30":1,"32":1,"34":4,"36":1,"38":1,"40":1,"42":1,"46":1,"47":0,"52":1,"54":0,"55":0,"56":0,"58":0,"59":0,"62":1,"63":0,"65":0,"66":0,"68":0,"69":0,"71":0,"73":0,"74":0,"76":1,"77":0,"79":0,"82":0,"85":0,"86":0,"91":0,"96":0,"101":0,"103":0,"105":0,"111":0,"115":0}},"/home/travis/build/npmtest/node-npmtest-react-dnd/node_modules/react-dnd/lib/utils/checkDecoratorArguments.js":{"path":"/home/travis/build/npmtest/node-npmtest-react-dnd/node_modules/react-dnd/lib/utils/checkDecoratorArguments.js","s":{"1":1,"2":1,"3":1,"4":0,"5":0,"6":0,"7":0,"8":0,"9":0},"b":{"1":[0,0],"2":[0,0],"3":[0,0],"4":[0,0],"5":[0,0,0]},"f":{"1":0},"fnMap":{"1":{"name":"checkDecoratorArguments","line":7,"loc":{"start":{"line":7,"column":0},"end":{"line":7,"column":58}}}},"statementMap":{"1":{"start":{"line":3,"column":0},"end":{"line":5,"column":3}},"2":{"start":{"line":6,"column":0},"end":{"line":6,"column":42}},"3":{"start":{"line":7,"column":0},"end":{"line":18,"column":1}},"4":{"start":{"line":8,"column":2},"end":{"line":17,"column":3}},"5":{"start":{"line":9,"column":4},"end":{"line":16,"column":5}},"6":{"start":{"line":10,"column":6},"end":{"line":10,"column":73}},"7":{"start":{"line":11,"column":6},"end":{"line":15,"column":7}},"8":{"start":{"line":12,"column":8},"end":{"line":13,"column":303}},"9":{"start":{"line":14,"column":8},"end":{"line":14,"column":15}}},"branchMap":{"1":{"line":8,"type":"if","locations":[{"start":{"line":8,"column":2},"end":{"line":8,"column":2}},{"start":{"line":8,"column":2},"end":{"line":8,"column":2}}]},"2":{"line":9,"type":"cond-expr","locations":[{"start":{"line":9,"column":49},"end":{"line":9,"column":50}},{"start":{"line":9,"column":53},"end":{"line":9,"column":73}}]},"3":{"line":10,"type":"cond-expr","locations":[{"start":{"line":10,"column":44},"end":{"line":10,"column":53}},{"start":{"line":10,"column":56},"end":{"line":10,"column":72}}]},"4":{"line":11,"type":"if","locations":[{"start":{"line":11,"column":6},"end":{"line":11,"column":6}},{"start":{"line":11,"column":6},"end":{"line":11,"column":6}}]},"5":{"line":11,"type":"binary-expr","locations":[{"start":{"line":11,"column":10},"end":{"line":11,"column":13}},{"start":{"line":11,"column":17},"end":{"line":11,"column":30}},{"start":{"line":11,"column":34},"end":{"line":11,"column":54}}]}},"code":["'use strict';","","Object.defineProperty(exports, \"__esModule\", {","  value: true","});","exports.default = checkDecoratorArguments;","function checkDecoratorArguments(functionName, signature) {","  if (process.env.NODE_ENV !== 'production') {","    for (var i = 0; i < (arguments.length <= 2 ? 0 : arguments.length - 2); i += 1) {","      var arg = arguments.length <= i + 2 ? undefined : arguments[i + 2];","      if (arg && arg.prototype && arg.prototype.render) {","        console.error( // eslint-disable-line no-console","        'You seem to be applying the arguments in the wrong order. ' + ('It should be ' + functionName + '(' + signature + ')(Component), not the other way around. ') + 'Read more: http://react-dnd.github.io/react-dnd/docs-troubleshooting.html#you-seem-to-be-applying-the-arguments-in-the-wrong-order');","        return;","      }","    }","  }","}"],"l":{"3":1,"6":1,"7":1,"8":0,"9":0,"10":0,"11":0,"12":0,"14":0}},"/home/travis/build/npmtest/node-npmtest-react-dnd/node_modules/react-dnd/lib/DragDropContextProvider.js":{"path":"/home/travis/build/npmtest/node-npmtest-react-dnd/node_modules/react-dnd/lib/DragDropContextProvider.js","s":{"1":1,"2":1,"3":1,"4":1,"5":1,"6":2,"7":2,"8":2,"9":2,"10":2,"11":2,"12":1,"13":1,"14":1,"15":1,"16":0,"17":1,"18":1,"19":1,"20":1,"21":1,"22":0,"23":0,"24":1,"25":0,"26":0,"27":0,"28":1,"29":1,"30":0,"31":1,"32":1,"33":1,"34":1,"35":1,"36":1,"37":0,"38":0,"39":0,"40":0,"41":1,"42":0,"43":0,"44":0,"45":0,"46":0,"47":0,"48":0,"49":0,"50":0,"51":0,"52":0,"53":1,"54":1},"b":{"1":[2,2],"2":[2,0],"3":[1,0],"4":[0,1],"5":[0,0],"6":[0,0],"7":[0,0],"8":[0,0,0],"9":[0,1],"10":[1,0],"11":[1,1],"12":[1,0],"13":[1,0],"14":[0,0],"15":[0,0],"16":[0,0],"17":[0,0],"18":[0,0],"19":[0,0]},"f":{"1":1,"2":1,"3":1,"4":0,"5":0,"6":1,"7":1,"8":0,"9":0,"10":0,"11":0},"fnMap":{"1":{"name":"(anonymous_1)","line":8,"loc":{"start":{"line":8,"column":19},"end":{"line":8,"column":31}}},"2":{"name":"defineProperties","line":8,"loc":{"start":{"line":8,"column":33},"end":{"line":8,"column":74}}},"3":{"name":"(anonymous_3)","line":8,"loc":{"start":{"line":8,"column":357},"end":{"line":8,"column":405}}},"4":{"name":"_classCallCheck","line":16,"loc":{"start":{"line":16,"column":0},"end":{"line":16,"column":48}}},"5":{"name":"_possibleConstructorReturn","line":18,"loc":{"start":{"line":18,"column":0},"end":{"line":18,"column":48}}},"6":{"name":"_inherits","line":20,"loc":{"start":{"line":20,"column":0},"end":{"line":20,"column":41}}},"7":{"name":"(anonymous_7)","line":26,"loc":{"start":{"line":26,"column":48},"end":{"line":26,"column":70}}},"8":{"name":"DragDropContextProvider","line":29,"loc":{"start":{"line":29,"column":2},"end":{"line":29,"column":51}}},"9":{"name":"getChildContext","line":40,"loc":{"start":{"line":40,"column":11},"end":{"line":40,"column":38}}},"10":{"name":"getWindow","line":48,"loc":{"start":{"line":48,"column":22},"end":{"line":48,"column":43}}},"11":{"name":"render","line":63,"loc":{"start":{"line":63,"column":11},"end":{"line":63,"column":29}}}},"statementMap":{"1":{"start":{"line":3
[...]
 this.monitor = monitor;","      this.props = null;","      this.component = null;","    }","","    _createClass(Target, [{","      key: 'receiveProps',","      value: function receiveProps(props) {","        this.props = props;","      }","    }, {","      key: 'receiveMonitor',","      value: function receiveMonitor(monitor) {","        this.monitor = monitor;","      }","    }, {","      key: 'receiveComponent',","      value: function receiveComponent(component) {","        this.component = component;","      }","    }, {","      key: 'canDrop',","      value: function canDrop() {","        if (!spec.canDrop) {","          return true;","        }","","        return spec.canDrop(this.props, this.monitor);","      }","    }, {","      key: 'hover',","      value: function hover() {","        if (!spec.hover) {","          return;","        }","","        spec.hover(this.props, this.monitor, this.component);","      }","    }, {","      key: 'drop',","      value: function drop() {","        if (!spec.drop) {","          return undefined;","        }","","        var dropResult = spec.drop(this.props, this.monitor, this.component);","        if (process.env.NODE_ENV !== 'production') {","          (0, _invariant2.default)(typeof dropResult === 'undefined' || (0, _isPlainObject2.default)(dropResult), 'drop() must either return undefined, or an object that represents the drop result. ' + 'Instead received %s. ' + 'Read more: http://react-dnd.github.io/react-dnd/docs-drop-target.html', dropResult);","        }","        return dropResult;","      }","    }]);","","    return Target;","  }();","","  return function createTarget(monitor) {","    return new Target(monitor);","  };","}"],"l":{"3":1,"7":1,"9":1,"11":1,"13":1,"15":1,"17":1,"19":2,"21":1,"23":1,"25":1,"26":0,"27":0,"28":0,"31":0,"32":1,"33":0,"35":0,"36":0,"37":0,"40":0,"43":0,"48":0,"53":0,"58":0,"59":0,"62":0,"67":0,"68":0,"71":0,"76":0,"77":0,"80":0,"81":0,"82":0,"84":0,"88":0,"91":0,"92":0}},"/home/travis/build/npmtest/node-npmtest-react-dnd/node_modules/react-dnd/lib/createTargetMonitor.js":{"path":"/home/travis/build/npmtest/node-npmtest-react-dnd/node_modules/react-dnd/lib/createTargetMonitor.js","s":{"1":1,"2":1,"3":1,"4":1,"5":12,"6":12,"7":12,"8":12,"9":12,"10":12,"11":1,"12":1,"13":1,"14":1,"15":0,"16":1,"17":1,"18":1,"19":1,"20":1,"21":1,"22":1,"23":0,"24":0,"25":1,"26":1,"27":1,"28":0,"29":0,"30":1,"31":0,"32":0,"33":0,"34":0,"35":0,"36":0,"37":0,"38":0,"39":0,"40":0,"41":0,"42":0,"43":0,"44":0,"45":0,"46":0,"47":1,"48":1,"49":0},"b":{"1":[12,12],"2":[12,0],"3":[1,0],"4":[0,1],"5":[0,1],"6":[1,1],"7":[0,0]},"f":{"1":1,"2":1,"3":1,"4":1,"5":0,"6":1,"7":0,"8":0,"9":0,"10":0,"11":0,"12":0,"13":0,"14":0,"15":0,"16":0,"17":0,"18":0,"19":0,"20":0},"fnMap":{"1":{"name":"(anonymous_1)","line":7,"loc":{"start":{"line":7,"column":19},"end":{"line":7,"column":31}}},"2":{"name":"defineProperties","line":7,"loc":{"start":{"line":7,"column":33},"end":{"line":7,"column":74}}},"3":{"name":"(anonymous_3)","line":7,"loc":{"start":{"line":7,"column":357},"end":{"line":7,"column":405}}},"4":{"name":"_interopRequireDefault","line":15,"loc":{"start":{"line":15,"column":0},"end":{"line":15,"column":37}}},"5":{"name":"_classCallCheck","line":17,"loc":{"start":{"line":17,"column":0},"end":{"line":17,"column":48}}},"6":{"name":"(anonymous_6)","line":21,"loc":{"start":{"line":21,"column":20},"end":{"line":21,"column":32}}},"7":{"name":"TargetMonitor","line":22,"loc":{"start":{"line":22,"column":2},"end":{"line":22,"column":34}}},"8":{"name":"receiveHandlerId","line":30,"loc":{"start":{"line":30,"column":11},"end":{"line":30,"column":47}}},"9":{"name":"canDrop","line":35,"loc":{"start":{"line":35,"column":11},"end":{"line":35,"column":30}}},"10":{"name":"isOver","line":47,"loc":{"start":{"line":47,"column":11},"end":{"line":47,"column":36}}},"11":{"name":"getItemType","line":52,"loc":{"start":{"line":52,"column":11},"end":{"line":52,"column":34}}},"12":{"name":"getItem","line":57,"loc":{"start":{"line":57,"column":11},"end":{"line":57,"column":30}}},"13":{"name":"getDropResult","line":62,"loc":{"start":{"line":62,"column":11},"end":{"line":62,"column":36}}},"14":{"name":"didDrop","line":67,"loc":{"start":{"line":67,"column":11},"end":{"line":67,"column":30}}},"15":{"name":"getInitialClientOffset","line":72,"loc":{"start":{"line":72,"column":11},"end":{"line":72,"column":45}}},"16":{"name":"getInitialSourceClientOffset","line":77,"loc":{"start":{"line":77,"column":11},"end":{"line":77,"column":51}}},"17":{"name":"getSourceClientOffset","line":82,"loc":{"start":{"line":82,"column":11},"end":{"line":82,"column":44}}},"18":{"name":"getClientOffset","line":87,"loc":{"start":{"line":87,"column":11},"end":{"line":87,"column":38}}},"19":{"name":"getDifferenceFromInitialOffset","line":92,"loc":{"start":{"line":92,"column":11},"end":{"line":92,"column":53}}},"20":{"name":"createTargetMonitor","line":100,"loc":{"start":{"line":100,"column":0},"end":{"line":100,"column":38}}}},"statementMap":{"1":{"start":{"line":3,"column":0},"end":{"line":5,"column":3}},"2":{"start":{"line":7,"column":0},"end":{"line":7,"column":564}},"3":{"start":{"line":7,"column":33},"end":{"line":7,"column":349}},"4":{"start":{"line":7,"column":76},"end":{"line":7,"column":347}},"5":{"start":{"line":7,"column":117},"end":{"line":7,"column":143}},"6":{"start":{"line":7,"column":144},"end":{"line":7,"column":199}},"7":{"start":{"line":7,"column":200},"end":{"line":7,"column":231}},"8":{"start":{"line":7,"column":232},"end":{"line":7,"column":286}},"9":{"start":{"line":7,"column":259},"end":{"line":7,"column":286}},"10":{"start":{"line":7,"column":287},"end":{"line":7,"column":345}},"11":{"start":{"line":7,"column":350},"end":{"line":7,"column":559}},"12":{"start":{"line":7,"column":407},"end":{"line":7,"column":475}},"13":{"start":{"line":7,"column":423},"end":{"line":7,"column":475}},"14":{"start":{"line":7,"column":476},"end":{"line":7,"column":536}},"15":{"start":{"line":7,"column":493},"end":{"line":7,"column":536}},"16":{"start":{"line":7,"column":537},"end":{"line":7,"column":556}},"17":{"start":{"line":9,"column":0},"end":{"line":9,"column":38}},"18":{"start":{"line":11,"column":0},"end":{"line":11,"column":38}},"19":{"start":{"line":13,"column":0},"end":{"line":13,"column":53}},"20":{"start":{"line":15,"column":0},"end":{"line":15,"column":95}},"21":{"start":{"line":15,"column":39},"end":{"line":15,"column":93}},"22":{"start":{"line":17,"column":0},"end":{"line":17,"column":153}},"23":{"start":{"line":17,"column":50},"end":{"line":17,"column":151}},"24":{"start":{"line":17,"column":92},"end":{"line":17,"column":149}},"25":{"start":{"line":19,"column":0},"end":{"line":19,"column":29}},"26":{"start":{"line":21,"column":0},"end":{"line":98,"column":4}},"27":{"start":{"line":22,"column":2},"end":{"line":26,"column":3}},"28":{"start":{"line":23,"column":4},"end":{"line":23,"column":41}},"29":{"start":{"line":25,"column":4},"end":{"line":25,"column":48}},"30":{"start":{"line":28,"column":2},"end":{"line":95,"column":6}},"31":{"start":{"line":31,"column":6},"end":{"line":31,"column":31}},"32":{"start":{"line":36,"column":6},"end":{"line":36,"column":209}},"33":{"start":{"line":38,"column":6},"end":{"line":43,"column":7}},"34":{"start":{"line":39,"column":8},"end":{"line":39,"column":32}},"35":{"start":{"line":40,"column":8},"end":{"line":40,"column":67}},"36":{"start":{"line":42,"column":8},"end":{"line":42,"column":33}},"37":{"start":{"line":48,"column":6},"end":{"line":48,"column":71}},"38":{"start":{"line":53,"column":6},"end":{"line":53,"column":48}},"39":{"start":{"line":58,"column":6},"end":{"line":58,"column":44}},"40":{"start":{"line":63,"column":6},"end":{"line":63,"column":50}},"41":{"start":{"line":68,"column":6},"end":{"line":68,"column":44}},"42":{"start":{"line":73,"column":6},"end":{"line":73,"column":59}},"43":{"start":{"line":78,"column":6},"end":{"line":78,"column":65}},"44":{"start":{"line":83,"column":6},"end":{"line":83,"column":58}},"45":{"start":{"line":88,"column":6},"end":{"line":88,"column":52}},"46":{"start":{"line":93,"column":6},"end":{"line":93,"column":67}},"47":{"start":{"line":97,"column":2},"end":{"line":97,"column":23}},"48":{"start":{"line":100,"column":0},"end":{"line":102,"column":1}},"49":{"start":{"line":101,"column":2},"end":{"line":101,"column":36}}},"branchMap":{"1":{"line":7,"type":"binary-expr","locations":[{"start":{"line":7,"column":168},"end":{"line":7,"column":189}},{"start":{"line":7,"column":193},"end":{"line":7,"column":198}}]},"2":{"line":7,"type":"if","locations":[{"start":{"line":7,"column":232},"end":{"line":7,"column":232}},{"start":{"line":7,"column":232},"end":{"line":7,"column":232}}]},"3":{"line":7,"type":"if","locations":[{"start":{"line":7,"column":407},"end":{"line":7,"column":407}},{"start":{"line":7,"column":407},"end":{"line":7,"column":407}}]},"4":{"line":7,"type":"if","locations":[{"start":{"line":7,"column":476},"end":{"line":7,"column":476}},{"start":{"line":7,"column":476},"end":{"line":7,"column":476}}]},"5":{"line":15,"type":"cond-expr","locations":[{"start":{"line":15,"column":70},"end":{"line":15,"column":73}},{"start":{"line":15,"column":76},"end":{"line":15,"column":92}}]},"6":{"line":15,"type":"binary-expr","locations":[{"start":{"line":15,"column":46},"end":{"line":15,"column":49}},{"start":{"line":15,"column":53},"end":{"line":15,"column":67}}]},"7":{"line":17,"type":"if","locations":[{"start":{"line":17,"column":50},"end":{"line":17,"column":50}},{"start":{"line":17,"column":50},"end":{"line":17,"column":50}}]}},"code":["'use strict';","","Object.defineProperty(exports, \"__esModule\", {","  value: true","});","","var _createClass = function () { function defineProperties(target, props) { for (var i = 0; i < props.length; i++) { var descriptor = props[i]; descriptor.enumerable = descriptor.enumerable || false; descriptor.configurable = true; if (\"value\" in descriptor) descriptor.writable = true; Object.defineProperty(target, descriptor.key, descriptor); } } return function (Constructor, protoProps, staticProps) { if (protoProps) defineProperties(Constructor.prototype, protoProps); if (staticProps) defineProperties(Constructor, staticProps); return Constructor; }; }();","","exports.default = createTargetMonitor;","","var _invariant = require('invariant');","","var _invariant2 = _interopRequireDefault(_invariant);","","function _interopRequireDefault(obj) { return obj && obj.__esModule ? obj : { default: obj }; }","","function _classCallCheck(instance, Constructor) { if (!(instance instanceof Constructor)) { throw new TypeError(\"Cannot call a class as a function\"); } }","","var isCallingCanDrop = false;","","var TargetMonitor = function () {","  function TargetMonitor(manager) {","    _classCallCheck(this, TargetMonitor);","","    this.internalMonitor = manager.getMonitor();","  }","","  _createClass(TargetMonitor, [{","    key: 'receiveHandlerId',","    value: function receiveHandlerId(targetId) {","      this.targetId = targetId;","    }","  }, {","    key: 'canDrop',","    value: function canDrop() {","      (0, _invariant2.default)(!isCallingCanDrop, 'You may not call monitor.canDrop() inside your canDrop() implementation. ' + 'Read more: http://react-dnd.github.io/react-dnd/docs-drop-target-monitor.html');","","      try {","        isCallingCanDrop = true;","        return this.internalMonitor.canDropOnTarget(this.targetId);","      } finally {","        isCallingCanDrop = false;","      }","    }","  }, {","    key: 'isOver',","    value: function isOver(options) {","      return this.internalMonitor.isOverTarget(this.targetId, options);","    }","  }, {","    key: 'getItemType',","    value: function getItemType() {","      return this.internalMonitor.getItemType();","    }","  }, {","    key: 'getItem',","    value: function getItem() {","      return this.internalMonitor.getItem();","    }","  }, {","    key: 'getDropResult',","    value: function getDropResult() {","      return this.internalMonitor.getDropResult();","    }","  }, {","    key: 'didDrop',","    value: function didDrop() {","      return this.internalMonitor.didDrop();","    }","  }, {","    key: 'getInitialClientOffset',","    value: function getInitialClientOffset() {","      return this.internalMonitor.getInitialClientOffset();","    }","  }, {","    key: 'getInitialSourceClientOffset',","    value: function getInitialSourceClientOffset() {","      return this.internalMonitor.getInitialSourceClientOffset();","    }","  }, {","    key: 'getSourceClientOffset',","    value: function getSourceClientOffset() {","      return this.internalMonitor.getSourceClientOffset();","    }","  }, {","    key: 'getClientOffset',","    value: function getClientOffset() {","      return this.internalMonitor.getClientOffset();","    }","  }, {","    key: 'getDifferenceFromInitialOffset',","    value: function getDifferenceFromInitialOffset() {","      return this.internalMonitor.getDifferenceFromInitialOffset();","    }","  }]);","","  return TargetMonitor;","}();","","function createTargetMonitor(manager) {","  return new TargetMonitor(manager);","}"],"l":{"3":1,"7":12,"9":1,"11":1,"13":1,"15":1,"17":1,"19":1,"21":1,"22":1,"23":0,"25":0,"28":1,"31":0,"36":0,"38":0,"39":0,"40":0,"42":0,"48":0,"53":0,"58":0,"63":0,"68":0,"73":0,"78":0,"83":0,"88":0,"93":0,"97":1,"100":1,"101":0}},"/home/travis/build/npmtest/node-npmtest-react-dnd/node_modules/react-dnd/lib/createTargetConnector.js":{"path":"/home/travis/build/npmtest/node-npmtest-react-dnd/node_modules/react-dnd/lib/createTargetConnector.js","s":{"1":1,"2":1,"3":1,"4":1,"5":1,"6":1,"7":1,"8":2,"9":1,"10":0,"11":0,"12":0,"13":0,"14":1,"15":0,"16":0,"17":0,"18":0,"19":0,"20":1,"21":0,"22":0,"23":0,"24":0,"25":0,"26":0,"27":0,"28":0,"29":0,"30":0,"31":0},"b":{"1":[2,0],"2":[2,2],"3":[0,0],"4":[0,0],"5":[0,0],"6":[0,0],"7":[0,0],"8":[0,0]},"f":{"1":2,"2":0,"3":0,"4":0,"5":0},"fnMap":{"1":{"name":"_interopRequireDefault","line":16,"loc":{"start":{"line":16,"column":0},"end":{"line":16,"column":37}}},"2":{"name":"createTargetConnector","line":18,"loc":{"start":{"line":18,"column":0},"end":{"line":18,"column":40}}},"3":{"name":"reconnectDropTarget","line":25,"loc":{"start":{"line":25,"column":2},"end":{"line":25,"column":33}}},"4":{"name":"receiveHandlerId","line":36,"loc":{"start":{"line":36,"column":2},"end":{"line":36,"column":39}}},"5":{"name":"connectDropTarget","line":46,"loc":{"start":{"line":46,"column":16},"end":{"line":46,"column":58}}}},"statementMap":{"1":{"start":{"line":3,"column":0},"end":{"line":5,"column":3}},"2":{"start":{"line":6,"column":0},"end":{"line":6,"column":40}},"3":{"start":{"line":8,"column":0},"end":{"line":8,"column":58}},"4":{"start":{"line":10,"column":0},"end":{"line":10,"column":71}},"5":{"start":{"line":12,"column":0},"end":{"line":12,"column":52}},"6":{"start":{"line":14,"column":0},"end":{"line":14,"column":65}},"7":{"start":{"line":16,"column":0},"end":{"line":16,"column":95}},"8":{"start":{"line":16,"column":39},"end":{"line":16,"column":93}},"9":{"start":{"line":18,"column":0},"end":{"line":62,"column":1}},"10":{"start":{"line":19,"column":2},"end":{"line":19,"column":32}},"11":{"start":{"line":21,"column":2},"end":{"line":21,"column":37}},"12":{"start":{"line":22,"column":2},"end":{"line":22,"column":40}},"13":{"start":{"line":23,"column":2},"end":{"line":23,"column":43}},"14":{"start":{"line":25,"column":2},"end":{"line":34,"column":3}},"15":{"start":{"line":26,"column":4},"end":{"line":29,"column":5}},"16":{"start":{"line":27,"column":6},"end":{"line":27,"column":36}},"17":{"start":{"line":28,"column":6},"end":{"line":28,"column":41}},"18":{"start":{"line":31,"column":4},"end":{"line":33,"column":5}},"19":{"start":{"line":32,"column":6},"end":{"line":32,"column":129}},"20":{"start":{"line":36,"column":2},"end":{"line":43,"column":3}},"21":{"start":{"line":37,"column":4},"end":{"line":39,"column":5}},"22":{"start":{"line":38,"column":6},"end":{"line":38,"column":13}},"23":{"start":{"line":41,"column":4},"end":{"line":41,"column":33}},"24":{"start":{"line":42,"column":4},"end":{"line":42,"column":26}},"25":{"start":{"line":45,"column":2},"end":{"line":56,"column":5}},"26":{"start":{"line":47,"column":6},"end":{"line":49,"column":7}},"27":{"start":{"line":48,"column":8},"end":{"line":48,"column":15}},"28":{"start":{"line":51,"column":6},"end":{"line":51,"column":35}},"29":{"start":{"line":52,"column":6},"end":{"line":52,"column":41}},"30":{"start":{"line":54,"column":6},"end":{"line":54,"column":28}},"31":{"start":{"line":58,"column":2},"end":{"line":61,"column":4}}},"branchMap":{"1":{"line":16,"type":"cond-expr","locations":[{"start":{"line":16,"column":70},"end":{"line":16,"column":73}},{"start":{"line":16,"column":76},"end":{"line":16,"column":92}}]},"2":{"line":16,"type":"binary-expr","locations":[{"start":{"line":16,"column":46},"end":{"line":16,"column":49}},{"start":{"line":16,"column":53},"end":{"line":16,"column":67}}]},"3":{"line":26,"type":"if","locations":[{"start":{"line":26,"column":4},"end":{"line":26,"column":4}},{"start":{"line":26,"column":4},"end":{"line":26,"column":4}}]},"4":{"line":31,"type":"if","locations":[{"start":{"line":31,"column":4},"end":{"line":31,"column":4}},{"start":{"line":31,"column":4},"end":{"line":31,"column":4}}]},"5":{"line":31,"type":"binary-expr","locations":[{"start":{"line":31,"column":8},"end":{"line":31,"column":24}},{"start":{"line":31,"column":28},"end":{"line":31,"column":49}}]},"6":{"line":37,"type":"if","locations":[{"start":{"line":37,"column":4},"end":{"line":37,"column":4}},{"start":{"line":37,"column":4},"end":{"line":37,"column":4}}]},"7":{"line":47,"type":"if","locations":[{"start":{"line":47,"column":6},"end":{"line":47,"column":6}},{"start":{"line":47,"column":6},"end":{"line":47,"column":6}}]},"8":{"line":47,"type":"binary-expr","locations":[{"start":{"line":47,"column":10},"end":{"line":47,"column":40}},{"start":{"line":47,"column":44},"end":{"line":47,"column":109}}]}},"code":["'use strict';","","Object.defineProperty(exports, \"__esModule\", {","  value: true","});","exports.default = createTargetConnector;","","var _wrapConnectorHooks = require('./wrapConnectorHooks');","","var _wrapConnectorHooks2 = _interopRequireDefault(_wrapConnectorHooks);","","var _areOptionsEqual = require('./areOptionsEqual');","","var _areOptionsEqual2 = _interopRequireDefault(_areOptionsEqual);","","function _interopRequireDefault(obj) { return obj && obj.__esModule ? obj : { default: obj }; }","","function createTargetConnector(backend) {","  var currentHandlerId = void 0;","","  var currentDropTargetNode = void 0;","  var currentDropTargetOptions = void 0;","  var disconnectCurrentDropTarget = void 0;","","  function reconnectDropTarget() {","    if (disconnectCurrentDropTarget) {","      disconnectCurrentDropTarget();","      disconnectCurrentDropTarget = null;","    }","","    if (currentHandlerId && currentDropTargetNode) {","      disconnectCurrentDropTarget = backend.connectDropTarget(currentHandlerId, currentDropTargetNode, currentDropTargetOptions);","    }","  }","","  function receiveHandlerId(handlerId) {","    if (handlerId === currentHandlerId) {","      return;","    }","","    currentHandlerId = handlerId;","    reconnectDropTarget();","  }","","  var hooks = (0, _wrapConnectorHooks2.default)({","    dropTarget: function connectDropTarget(node, options) {","      if (node === currentDropTargetNode && (0, _areOptionsEqual2.default)(options, currentDropTargetOptions)) {","        return;","      }","","      currentDropTargetNode = node;","      currentDropTargetOptions = options;","","      reconnectDropTarget();","    }","  });","","  return {","    receiveHandlerId: receiveHandlerId,","    hooks: hooks","  };","}"],"l":{"3":1,"6":1,"8":1,"10":1,"12":1,"14":1,"16":2,"18":1,"19":0,"21":0,"22":0,"23":0,"25":1,"26":0,"27":0,"28":0,"31":0,"32":0,"36":1,"37":0,"38":0,"41":0,"42":0,"45":0,"47":0,"48":0,"51":0,"52":0,"54":0,"58":0}}}